mode: atomic
github.com/aquasecurity/trivy-db/pkg/utils/progress.go:18.41,19.11 1 0
github.com/aquasecurity/trivy-db/pkg/utils/progress.go:22.2,24.28 3 0
github.com/aquasecurity/trivy-db/pkg/utils/progress.go:19.11,21.3 1 0
github.com/aquasecurity/trivy-db/pkg/utils/progress.go:27.27,28.21 1 0
github.com/aquasecurity/trivy-db/pkg/utils/progress.go:31.2,31.18 1 0
github.com/aquasecurity/trivy-db/pkg/utils/progress.go:28.21,30.3 1 0
github.com/aquasecurity/trivy-db/pkg/utils/progress.go:33.26,34.21 1 0
github.com/aquasecurity/trivy-db/pkg/utils/progress.go:37.2,37.17 1 0
github.com/aquasecurity/trivy-db/pkg/utils/progress.go:34.21,36.3 1 0
github.com/aquasecurity/trivy-db/pkg/utils/progress.go:45.41,46.11 1 0
github.com/aquasecurity/trivy-db/pkg/utils/progress.go:49.2,50.34 2 0
github.com/aquasecurity/trivy-db/pkg/utils/progress.go:46.11,48.3 1 0
github.com/aquasecurity/trivy-db/pkg/utils/progress.go:53.35,54.21 1 0
github.com/aquasecurity/trivy-db/pkg/utils/progress.go:57.2,57.22 1 0
github.com/aquasecurity/trivy-db/pkg/utils/progress.go:54.21,56.3 1 0
github.com/aquasecurity/trivy-db/pkg/utils/progress.go:59.32,60.21 1 0
github.com/aquasecurity/trivy-db/pkg/utils/progress.go:63.2,63.19 1 0
github.com/aquasecurity/trivy-db/pkg/utils/progress.go:60.21,62.3 1 0
github.com/aquasecurity/trivy-db/pkg/utils/time.go:8.45,10.16 2 0
github.com/aquasecurity/trivy-db/pkg/utils/time.go:14.2,14.11 1 0
github.com/aquasecurity/trivy-db/pkg/utils/time.go:10.16,12.3 1 0
github.com/aquasecurity/trivy-db/pkg/utils/utils.go:16.24,18.16 2 0
github.com/aquasecurity/trivy-db/pkg/utils/utils.go:21.2,21.42 1 0
github.com/aquasecurity/trivy-db/pkg/utils/utils.go:18.16,20.3 1 0
github.com/aquasecurity/trivy-db/pkg/utils/utils.go:24.79,25.82 1 1
github.com/aquasecurity/trivy-db/pkg/utils/utils.go:49.2,49.16 1 1
github.com/aquasecurity/trivy-db/pkg/utils/utils.go:52.2,52.12 1 1
github.com/aquasecurity/trivy-db/pkg/utils/utils.go:25.82,26.17 1 5
github.com/aquasecurity/trivy-db/pkg/utils/utils.go:29.3,29.19 1 5
github.com/aquasecurity/trivy-db/pkg/utils/utils.go:33.3,33.23 1 3
github.com/aquasecurity/trivy-db/pkg/utils/utils.go:38.3,39.17 2 1
github.com/aquasecurity/trivy-db/pkg/utils/utils.go:42.3,44.40 2 1
github.com/aquasecurity/trivy-db/pkg/utils/utils.go:47.3,47.13 1 1
github.com/aquasecurity/trivy-db/pkg/utils/utils.go:26.17,28.4 1 0
github.com/aquasecurity/trivy-db/pkg/utils/utils.go:29.19,31.4 1 2
github.com/aquasecurity/trivy-db/pkg/utils/utils.go:33.23,36.4 2 2
github.com/aquasecurity/trivy-db/pkg/utils/utils.go:39.17,41.4 1 0
github.com/aquasecurity/trivy-db/pkg/utils/utils.go:44.40,46.4 1 0
github.com/aquasecurity/trivy-db/pkg/utils/utils.go:49.16,51.3 1 0
github.com/aquasecurity/trivy-db/pkg/utils/utils.go:55.43,57.34 2 0
github.com/aquasecurity/trivy-db/pkg/utils/utils.go:60.2,60.13 1 0
github.com/aquasecurity/trivy-db/pkg/utils/utils.go:57.34,59.3 1 0
github.com/aquasecurity/trivy-db/pkg/utils/utils.go:63.40,65.16 2 0
github.com/aquasecurity/trivy-db/pkg/utils/utils.go:68.2,68.24 1 0
github.com/aquasecurity/trivy-db/pkg/utils/utils.go:71.2,71.18 1 0
github.com/aquasecurity/trivy-db/pkg/utils/utils.go:65.16,67.3 1 0
github.com/aquasecurity/trivy-db/pkg/utils/utils.go:68.24,70.3 1 0
github.com/aquasecurity/trivy-db/pkg/utils/utils.go:74.50,75.25 1 0
github.com/aquasecurity/trivy-db/pkg/utils/utils.go:80.2,80.14 1 0
github.com/aquasecurity/trivy-db/pkg/utils/utils.go:75.25,76.13 1 0
github.com/aquasecurity/trivy-db/pkg/utils/utils.go:76.13,78.4 1 0
github.com/aquasecurity/trivy-db/pkg/utils/utils.go:83.58,88.34 5 0
github.com/aquasecurity/trivy-db/pkg/utils/utils.go:92.2,92.32 1 0
github.com/aquasecurity/trivy-db/pkg/utils/utils.go:88.34,91.3 2 0
github.com/aquasecurity/trivy-db/pkg/utils/utils.go:95.38,96.42 1 3
github.com/aquasecurity/trivy-db/pkg/utils/utils.go:100.2,102.28 3 3
github.com/aquasecurity/trivy-db/pkg/utils/utils.go:109.2,109.12 1 3
github.com/aquasecurity/trivy-db/pkg/utils/utils.go:96.42,98.3 1 12
github.com/aquasecurity/trivy-db/pkg/utils/utils.go:102.28,103.18 1 9
github.com/aquasecurity/trivy-db/pkg/utils/utils.go:106.3,106.13 1 9
github.com/aquasecurity/trivy-db/pkg/utils/utils.go:103.18,105.4 1 6
github.com/aquasecurity/trivy-db/pkg/utils/utils.go:112.27,115.2 2 0
github.com/aquasecurity/trivy-db/pkg/vulnsrc/bundler/bundler.go:55.27,59.2 1 0
github.com/aquasecurity/trivy-db/pkg/vulnsrc/bundler/bundler.go:61.44,63.44 2 0
github.com/aquasecurity/trivy-db/pkg/vulnsrc/bundler/bundler.go:66.2,66.12 1 0
github.com/aquasecurity/trivy-db/pkg/vulnsrc/bundler/bundler.go:63.44,65.3 1 0
github.com/aquasecurity/trivy-db/pkg/vulnsrc/bundler/bundler.go:69.49,72.52 2 0
github.com/aquasecurity/trivy-db/pkg/vulnsrc/bundler/bundler.go:78.2,78.16 1 0
github.com/aquasecurity/trivy-db/pkg/vulnsrc/bundler/bundler.go:81.2,81.12 1 0
github.com/aquasecurity/trivy-db/pkg/vulnsrc/bundler/bundler.go:72.52,73.43 1 0
github.com/aquasecurity/trivy-db/pkg/vulnsrc/bundler/bundler.go:76.3,76.13 1 0
github.com/aquasecurity/trivy-db/pkg/vulnsrc/bundler/bundler.go:73.43,75.4 1 0
github.com/aquasecurity/trivy-db/pkg/vulnsrc/bundler/bundler.go:78.16,80.3 1 0
github.com/aquasecurity/trivy-db/pkg/vulnsrc/bundler/bundler.go:84.56,85.82 1 0
github.com/aquasecurity/trivy-db/pkg/vulnsrc/bundler/bundler.go:85.82,87.3 1 0
github.com/aquasecurity/trivy-db/pkg/vulnsrc/bundler/bundler.go:90.89,91.16 1 1
github.com/aquasecurity/trivy-db/pkg/vulnsrc/bundler/bundler.go:94.2,94.18 1 1
github.com/aquasecurity/trivy-db/pkg/vulnsrc/bundler/bundler.go:97.2,98.16 2 1
github.com/aquasecurity/trivy-db/pkg/vulnsrc/bundler/bundler.go:102.2,104.16 3 1
github.com/aquasecurity/trivy-db/pkg/vulnsrc/bundler/bundler.go:108.2,109.24 2 1
github.com/aquasecurity/trivy-db/pkg/vulnsrc/bundler/bundler.go:120.2,125.16 3 1
github.com/aquasecurity/trivy-db/pkg/vulnsrc/bundler/bundler.go:130.2,138.103 2 1
github.com/aquasecurity/trivy-db/pkg/vulnsrc/bundler/bundler.go:142.2,142.87 1 1
github.com/aquasecurity/trivy-db/pkg/vulnsrc/bundler/bundler.go:145.2,145.12 1 1
github.com/aquasecurity/trivy-db/pkg/vulnsrc/bundler/bundler.go:91.16,93.3 1 0
github.com/aquasecurity/trivy-db/pkg/vulnsrc/bundler/bundler.go:94.18,96.3 1 0
github.com/aquasecurity/trivy-db/pkg/vulnsrc/bundler/bundler.go:98.16,100.3 1 0
github.com/aquasecurity/trivy-db/pkg/vulnsrc/bundler/bundler.go:104.16,106.3 1 0
github.com/aquasecurity/trivy-db/pkg/vulnsrc/bundler/bundler.go:109.24,111.3 1 1
github.com/aquasecurity/trivy-db/pkg/vulnsrc/bundler/bundler.go:111.8,111.33 1 0
github.com/aquasecurity/trivy-db/pkg/vulnsrc/bundler/bundler.go:111.33,113.3 1 0
github.com/aquasecurity/trivy-db/pkg/vulnsrc/bundler/bundler.go:113.8,113.32 1 0
github.com/aquasecurity/trivy-db/pkg/vulnsrc/bundler/bundler.go:113.32,115.3 1 0
github.com/aquasecurity/trivy-db/pkg/vulnsrc/bundler/bundler.go:115.8,117.3 1 0
github.com/aquasecurity/trivy-db/pkg/vulnsrc/bundler/bundler.go:125.16,127.3 1 0
github.com/aquasecurity/trivy-db/pkg/vulnsrc/bundler/bundler.go:138.103,140.3 1 0
github.com/aquasecurity/trivy-db/pkg/vulnsrc/bundler/bundler.go:142.87,144.3 1 0
github.com/aquasecurity/trivy-db/pkg/vulnsrc/bundler/bundler.go:148.59,150.16 2 0
github.com/aquasecurity/trivy-db/pkg/vulnsrc/bundler/bundler.go:154.2,155.36 2 0
github.com/aquasecurity/trivy-db/pkg/vulnsrc/bundler/bundler.go:163.2,163.21 1 0
github.com/aquasecurity/trivy-db/pkg/vulnsrc/bundler/bundler.go:150.16,152.3 1 0
github.com/aquasecurity/trivy-db/pkg/vulnsrc/bundler/bundler.go:155.36,157.53 2 0
github.com/aquasecurity/trivy-db/pkg/vulnsrc/bundler/bundler.go:160.3,161.38 2 0
github.com/aquasecurity/trivy-db/pkg/vulnsrc/bundler/bundler.go:157.53,159.4 1 0
github.com/aquasecurity/trivy-db/pkg/vulnsrc/amazon/amazon.go:42.27,46.2 1 0
github.com/aquasecurity/trivy-db/pkg/vulnsrc/amazon/amazon.go:48.44,52.16 3 3
github.com/aquasecurity/trivy-db/pkg/vulnsrc/amazon/amazon.go:56.2,56.33 1 2
github.com/aquasecurity/trivy-db/pkg/vulnsrc/amazon/amazon.go:60.2,60.12 1 1
github.com/aquasecurity/trivy-db/pkg/vulnsrc/amazon/amazon.go:52.16,54.3 1 1
github.com/aquasecurity/trivy-db/pkg/vulnsrc/amazon/amazon.go:56.33,58.3 1 1
github.com/aquasecurity/trivy-db/pkg/vulnsrc/amazon/amazon.go:63.61,65.20 2 4
github.com/aquasecurity/trivy-db/pkg/vulnsrc/amazon/amazon.go:68.2,69.51 2 3
github.com/aquasecurity/trivy-db/pkg/vulnsrc/amazon/amazon.go:74.2,75.57 2 2
github.com/aquasecurity/trivy-db/pkg/vulnsrc/amazon/amazon.go:79.2,83.12 2 1
github.com/aquasecurity/trivy-db/pkg/vulnsrc/amazon/amazon.go:65.20,67.3 1 1
github.com/aquasecurity/trivy-db/pkg/vulnsrc/amazon/amazon.go:69.51,72.3 2 1
github.com/aquasecurity/trivy-db/pkg/vulnsrc/amazon/amazon.go:75.57,77.3 1 1
github.com/aquasecurity/trivy-db/pkg/vulnsrc/amazon/amazon.go:86.32,89.16 3 2
github.com/aquasecurity/trivy-db/pkg/vulnsrc/amazon/amazon.go:92.2,92.12 1 1
github.com/aquasecurity/trivy-db/pkg/vulnsrc/amazon/amazon.go:89.16,91.3 1 1
github.com/aquasecurity/trivy-db/pkg/vulnsrc/amazon/amazon.go:96.52,98.2 1 2
github.com/aquasecurity/trivy-db/pkg/vulnsrc/amazon/amazon.go:100.49,101.35 1 3
github.com/aquasecurity/trivy-db/pkg/vulnsrc/amazon/amazon.go:134.2,134.12 1 1
github.com/aquasecurity/trivy-db/pkg/vulnsrc/amazon/amazon.go:101.35,102.37 1 3
github.com/aquasecurity/trivy-db/pkg/vulnsrc/amazon/amazon.go:102.37,103.38 1 3
github.com/aquasecurity/trivy-db/pkg/vulnsrc/amazon/amazon.go:103.38,108.97 3 3
github.com/aquasecurity/trivy-db/pkg/vulnsrc/amazon/amazon.go:112.5,113.41 2 2
github.com/aquasecurity/trivy-db/pkg/vulnsrc/amazon/amazon.go:117.5,123.96 2 2
github.com/aquasecurity/trivy-db/pkg/vulnsrc/amazon/amazon.go:128.5,128.80 1 1
github.com/aquasecurity/trivy-db/pkg/vulnsrc/amazon/amazon.go:108.97,110.6 1 1
github.com/aquasecurity/trivy-db/pkg/vulnsrc/amazon/amazon.go:113.41,115.6 1 2
github.com/aquasecurity/trivy-db/pkg/vulnsrc/amazon/amazon.go:123.96,125.6 1 1
github.com/aquasecurity/trivy-db/pkg/vulnsrc/amazon/amazon.go:128.80,130.6 1 0
github.com/aquasecurity/trivy-db/pkg/vulnsrc/amazon/amazon.go:138.81,141.16 3 3
github.com/aquasecurity/trivy-db/pkg/vulnsrc/amazon/amazon.go:144.2,144.24 1 2
github.com/aquasecurity/trivy-db/pkg/vulnsrc/amazon/amazon.go:141.16,143.3 1 1
github.com/aquasecurity/trivy-db/pkg/vulnsrc/amazon/amazon.go:147.59,148.18 1 7
github.com/aquasecurity/trivy-db/pkg/vulnsrc/amazon/amazon.go:149.13,150.27 1 1
github.com/aquasecurity/trivy-db/pkg/vulnsrc/amazon/amazon.go:151.16,152.30 1 1
github.com/aquasecurity/trivy-db/pkg/vulnsrc/amazon/amazon.go:153.19,154.28 1 3
github.com/aquasecurity/trivy-db/pkg/vulnsrc/amazon/amazon.go:155.18,156.32 1 1
github.com/aquasecurity/trivy-db/pkg/vulnsrc/amazon/amazon.go:157.10,158.31 1 1
github.com/aquasecurity/trivy-db/pkg/vulnsrc/amazon/amazon.go:162.62,164.33 2 8
github.com/aquasecurity/trivy-db/pkg/vulnsrc/amazon/amazon.go:167.2,169.19 2 8
github.com/aquasecurity/trivy-db/pkg/vulnsrc/amazon/amazon.go:173.2,173.15 1 8
github.com/aquasecurity/trivy-db/pkg/vulnsrc/amazon/amazon.go:164.33,166.3 1 4
github.com/aquasecurity/trivy-db/pkg/vulnsrc/amazon/amazon.go:169.19,172.3 1 5
github.com/aquasecurity/trivy-db/pkg/vulnsrc/cargo/cargo.go:57.27,61.2 1 0
github.com/aquasecurity/trivy-db/pkg/vulnsrc/cargo/cargo.go:63.50,65.44 2 2
github.com/aquasecurity/trivy-db/pkg/vulnsrc/cargo/cargo.go:68.2,68.12 1 1
github.com/aquasecurity/trivy-db/pkg/vulnsrc/cargo/cargo.go:65.44,67.3 1 1
github.com/aquasecurity/trivy-db/pkg/vulnsrc/cargo/cargo.go:71.49,74.52 2 2
github.com/aquasecurity/trivy-db/pkg/vulnsrc/cargo/cargo.go:80.2,80.16 1 2
github.com/aquasecurity/trivy-db/pkg/vulnsrc/cargo/cargo.go:84.2,84.12 1 1
github.com/aquasecurity/trivy-db/pkg/vulnsrc/cargo/cargo.go:74.52,75.43 1 0
github.com/aquasecurity/trivy-db/pkg/vulnsrc/cargo/cargo.go:78.3,78.13 1 0
github.com/aquasecurity/trivy-db/pkg/vulnsrc/cargo/cargo.go:75.43,77.4 1 0
github.com/aquasecurity/trivy-db/pkg/vulnsrc/cargo/cargo.go:80.16,82.3 1 1
github.com/aquasecurity/trivy-db/pkg/vulnsrc/cargo/cargo.go:87.56,88.82 1 1
github.com/aquasecurity/trivy-db/pkg/vulnsrc/cargo/cargo.go:88.82,89.17 1 3
github.com/aquasecurity/trivy-db/pkg/vulnsrc/cargo/cargo.go:92.3,92.19 1 3
github.com/aquasecurity/trivy-db/pkg/vulnsrc/cargo/cargo.go:95.3,96.17 2 1
github.com/aquasecurity/trivy-db/pkg/vulnsrc/cargo/cargo.go:99.3,100.17 2 1
github.com/aquasecurity/trivy-db/pkg/vulnsrc/cargo/cargo.go:104.3,106.17 3 1
github.com/aquasecurity/trivy-db/pkg/vulnsrc/cargo/cargo.go:109.3,116.17 5 1
github.com/aquasecurity/trivy-db/pkg/vulnsrc/cargo/cargo.go:121.3,127.100 2 1
github.com/aquasecurity/trivy-db/pkg/vulnsrc/cargo/cargo.go:131.3,131.84 1 1
github.com/aquasecurity/trivy-db/pkg/vulnsrc/cargo/cargo.go:135.3,135.13 1 1
github.com/aquasecurity/trivy-db/pkg/vulnsrc/cargo/cargo.go:89.17,91.4 1 0
github.com/aquasecurity/trivy-db/pkg/vulnsrc/cargo/cargo.go:92.19,94.4 1 2
github.com/aquasecurity/trivy-db/pkg/vulnsrc/cargo/cargo.go:96.17,98.4 1 0
github.com/aquasecurity/trivy-db/pkg/vulnsrc/cargo/cargo.go:100.17,102.4 1 0
github.com/aquasecurity/trivy-db/pkg/vulnsrc/cargo/cargo.go:106.17,108.4 1 0
github.com/aquasecurity/trivy-db/pkg/vulnsrc/cargo/cargo.go:116.17,118.4 1 0
github.com/aquasecurity/trivy-db/pkg/vulnsrc/cargo/cargo.go:127.100,129.4 1 0
github.com/aquasecurity/trivy-db/pkg/vulnsrc/cargo/cargo.go:131.84,133.4 1 0
github.com/aquasecurity/trivy-db/pkg/vulnsrc/cargo/cargo.go:139.59,141.16 2 0
github.com/aquasecurity/trivy-db/pkg/vulnsrc/cargo/cargo.go:145.2,146.36 2 0
github.com/aquasecurity/trivy-db/pkg/vulnsrc/cargo/cargo.go:154.2,154.21 1 0
github.com/aquasecurity/trivy-db/pkg/vulnsrc/cargo/cargo.go:141.16,143.3 1 0
github.com/aquasecurity/trivy-db/pkg/vulnsrc/cargo/cargo.go:146.36,148.53 2 0
github.com/aquasecurity/trivy-db/pkg/vulnsrc/cargo/cargo.go:151.3,152.38 2 0
github.com/aquasecurity/trivy-db/pkg/vulnsrc/cargo/cargo.go:148.53,150.4 1 0
github.com/aquasecurity/trivy-db/pkg/vulnsrc/cargo/cargo.go:158.73,163.21 4 1
github.com/aquasecurity/trivy-db/pkg/vulnsrc/cargo/cargo.go:183.2,183.38 1 1
github.com/aquasecurity/trivy-db/pkg/vulnsrc/cargo/cargo.go:187.2,187.81 1 1
github.com/aquasecurity/trivy-db/pkg/vulnsrc/cargo/cargo.go:163.21,165.10 2 19
github.com/aquasecurity/trivy-db/pkg/vulnsrc/cargo/cargo.go:167.43,168.22 1 1
github.com/aquasecurity/trivy-db/pkg/vulnsrc/cargo/cargo.go:169.39,170.23 1 1
github.com/aquasecurity/trivy-db/pkg/vulnsrc/cargo/cargo.go:171.20,172.28 1 11
github.com/aquasecurity/trivy-db/pkg/vulnsrc/cargo/cargo.go:175.37,177.39 2 1
github.com/aquasecurity/trivy-db/pkg/vulnsrc/cargo/cargo.go:178.16,179.30 1 4
github.com/aquasecurity/trivy-db/pkg/vulnsrc/cargo/cargo.go:183.38,185.3 1 0
github.com/aquasecurity/trivy-db/pkg/vulnsrc/debian/debian.go:42.27,46.2 1 0
github.com/aquasecurity/trivy-db/pkg/vulnsrc/debian/debian.go:48.44,51.70 3 0
github.com/aquasecurity/trivy-db/pkg/vulnsrc/debian/debian.go:63.2,63.16 1 0
github.com/aquasecurity/trivy-db/pkg/vulnsrc/debian/debian.go:67.2,67.37 1 0
github.com/aquasecurity/trivy-db/pkg/vulnsrc/debian/debian.go:71.2,71.12 1 0
github.com/aquasecurity/trivy-db/pkg/vulnsrc/debian/debian.go:51.70,53.57 2 0
github.com/aquasecurity/trivy-db/pkg/vulnsrc/debian/debian.go:57.3,61.13 4 0
github.com/aquasecurity/trivy-db/pkg/vulnsrc/debian/debian.go:53.57,55.4 1 0
github.com/aquasecurity/trivy-db/pkg/vulnsrc/debian/debian.go:63.16,65.3 1 0
github.com/aquasecurity/trivy-db/pkg/vulnsrc/debian/debian.go:67.37,69.3 1 0
github.com/aquasecurity/trivy-db/pkg/vulnsrc/debian/debian.go:74.48,76.52 2 0
github.com/aquasecurity/trivy-db/pkg/vulnsrc/debian/debian.go:79.2,79.16 1 0
github.com/aquasecurity/trivy-db/pkg/vulnsrc/debian/debian.go:83.2,83.12 1 0
github.com/aquasecurity/trivy-db/pkg/vulnsrc/debian/debian.go:76.52,78.3 1 0
github.com/aquasecurity/trivy-db/pkg/vulnsrc/debian/debian.go:79.16,81.3 1 0
github.com/aquasecurity/trivy-db/pkg/vulnsrc/debian/debian.go:86.63,87.27 1 1
github.com/aquasecurity/trivy-db/pkg/vulnsrc/debian/debian.go:120.2,120.12 1 1
github.com/aquasecurity/trivy-db/pkg/vulnsrc/debian/debian.go:87.27,88.40 1 1
github.com/aquasecurity/trivy-db/pkg/vulnsrc/debian/debian.go:88.40,89.49 1 1
github.com/aquasecurity/trivy-db/pkg/vulnsrc/debian/debian.go:89.49,91.12 2 1
github.com/aquasecurity/trivy-db/pkg/vulnsrc/debian/debian.go:94.5,95.33 2 1
github.com/aquasecurity/trivy-db/pkg/vulnsrc/debian/debian.go:98.5,101.114 2 1
github.com/aquasecurity/trivy-db/pkg/vulnsrc/debian/debian.go:105.5,109.110 2 1
github.com/aquasecurity/trivy-db/pkg/vulnsrc/debian/debian.go:114.5,114.94 1 1
github.com/aquasecurity/trivy-db/pkg/vulnsrc/debian/debian.go:91.12,92.14 1 0
github.com/aquasecurity/trivy-db/pkg/vulnsrc/debian/debian.go:95.33,96.14 1 0
github.com/aquasecurity/trivy-db/pkg/vulnsrc/debian/debian.go:101.114,103.6 1 0
github.com/aquasecurity/trivy-db/pkg/vulnsrc/debian/debian.go:109.110,111.6 1 0
github.com/aquasecurity/trivy-db/pkg/vulnsrc/debian/debian.go:114.94,116.6 1 0
github.com/aquasecurity/trivy-db/pkg/vulnsrc/debian/debian.go:123.81,126.16 3 0
github.com/aquasecurity/trivy-db/pkg/vulnsrc/debian/debian.go:129.2,129.24 1 0
github.com/aquasecurity/trivy-db/pkg/vulnsrc/debian/debian.go:126.16,128.3 1 0
github.com/aquasecurity/trivy-db/pkg/vulnsrc/debian/debian.go:132.57,133.17 1 1
github.com/aquasecurity/trivy-db/pkg/vulnsrc/debian/debian.go:134.41,135.31 1 0
github.com/aquasecurity/trivy-db/pkg/vulnsrc/debian/debian.go:137.45,138.27 1 0
github.com/aquasecurity/trivy-db/pkg/vulnsrc/debian/debian.go:140.39,141.30 1 0
github.com/aquasecurity/trivy-db/pkg/vulnsrc/debian/debian.go:143.33,144.28 1 1
github.com/aquasecurity/trivy-db/pkg/vulnsrc/debian/debian.go:145.10,146.31 1 0
github.com/aquasecurity/trivy-db/pkg/vulnsrc/ghsa/ghsa.go:32.36,33.11 1 29
github.com/aquasecurity/trivy-db/pkg/vulnsrc/ghsa/ghsa.go:47.2,47.18 1 0
github.com/aquasecurity/trivy-db/pkg/vulnsrc/ghsa/ghsa.go:34.16,35.20 1 4
github.com/aquasecurity/trivy-db/pkg/vulnsrc/ghsa/ghsa.go:36.13,37.17 1 3
github.com/aquasecurity/trivy-db/pkg/vulnsrc/ghsa/ghsa.go:38.11,39.15 1 5
github.com/aquasecurity/trivy-db/pkg/vulnsrc/ghsa/ghsa.go:40.13,41.17 1 3
github.com/aquasecurity/trivy-db/pkg/vulnsrc/ghsa/ghsa.go:42.11,43.15 1 6
github.com/aquasecurity/trivy-db/pkg/vulnsrc/ghsa/ghsa.go:44.16,45.20 1 8
github.com/aquasecurity/trivy-db/pkg/vulnsrc/ghsa/ghsa.go:60.46,65.2 1 0
github.com/aquasecurity/trivy-db/pkg/vulnsrc/ghsa/ghsa.go:67.44,71.125 3 3
github.com/aquasecurity/trivy-db/pkg/vulnsrc/ghsa/ghsa.go:79.2,79.16 1 3
github.com/aquasecurity/trivy-db/pkg/vulnsrc/ghsa/ghsa.go:83.2,83.38 1 2
github.com/aquasecurity/trivy-db/pkg/vulnsrc/ghsa/ghsa.go:87.2,87.12 1 1
github.com/aquasecurity/trivy-db/pkg/vulnsrc/ghsa/ghsa.go:71.125,73.58 2 2
github.com/aquasecurity/trivy-db/pkg/vulnsrc/ghsa/ghsa.go:76.3,77.13 2 2
github.com/aquasecurity/trivy-db/pkg/vulnsrc/ghsa/ghsa.go:73.58,75.4 1 0
github.com/aquasecurity/trivy-db/pkg/vulnsrc/ghsa/ghsa.go:79.16,81.3 1 1
github.com/aquasecurity/trivy-db/pkg/vulnsrc/ghsa/ghsa.go:83.38,85.3 1 1
github.com/aquasecurity/trivy-db/pkg/vulnsrc/ghsa/ghsa.go:90.62,92.52 2 2
github.com/aquasecurity/trivy-db/pkg/vulnsrc/ghsa/ghsa.go:95.2,95.16 1 2
github.com/aquasecurity/trivy-db/pkg/vulnsrc/ghsa/ghsa.go:99.2,99.12 1 1
github.com/aquasecurity/trivy-db/pkg/vulnsrc/ghsa/ghsa.go:92.52,94.3 1 0
github.com/aquasecurity/trivy-db/pkg/vulnsrc/ghsa/ghsa.go:95.16,97.3 1 1
github.com/aquasecurity/trivy-db/pkg/vulnsrc/ghsa/ghsa.go:102.77,103.29 1 10
github.com/aquasecurity/trivy-db/pkg/vulnsrc/ghsa/ghsa.go:167.2,167.12 1 7
github.com/aquasecurity/trivy-db/pkg/vulnsrc/ghsa/ghsa.go:103.29,106.36 3 10
github.com/aquasecurity/trivy-db/pkg/vulnsrc/ghsa/ghsa.go:121.3,122.56 2 10
github.com/aquasecurity/trivy-db/pkg/vulnsrc/ghsa/ghsa.go:127.3,136.28 4 10
github.com/aquasecurity/trivy-db/pkg/vulnsrc/ghsa/ghsa.go:140.3,141.17 2 10
github.com/aquasecurity/trivy-db/pkg/vulnsrc/ghsa/ghsa.go:145.3,146.48 2 9
github.com/aquasecurity/trivy-db/pkg/vulnsrc/ghsa/ghsa.go:150.3,158.143 2 9
github.com/aquasecurity/trivy-db/pkg/vulnsrc/ghsa/ghsa.go:162.3,162.79 1 8
github.com/aquasecurity/trivy-db/pkg/vulnsrc/ghsa/ghsa.go:106.36,108.65 1 13
github.com/aquasecurity/trivy-db/pkg/vulnsrc/ghsa/ghsa.go:117.4,118.48 2 13
github.com/aquasecurity/trivy-db/pkg/vulnsrc/ghsa/ghsa.go:108.65,115.5 2 1
github.com/aquasecurity/trivy-db/pkg/vulnsrc/ghsa/ghsa.go:122.56,123.58 1 19
github.com/aquasecurity/trivy-db/pkg/vulnsrc/ghsa/ghsa.go:123.58,125.5 1 8
github.com/aquasecurity/trivy-db/pkg/vulnsrc/ghsa/ghsa.go:136.28,138.4 1 9
github.com/aquasecurity/trivy-db/pkg/vulnsrc/ghsa/ghsa.go:141.17,143.4 1 1
github.com/aquasecurity/trivy-db/pkg/vulnsrc/ghsa/ghsa.go:146.48,148.4 1 10
github.com/aquasecurity/trivy-db/pkg/vulnsrc/ghsa/ghsa.go:158.143,160.4 1 1
github.com/aquasecurity/trivy-db/pkg/vulnsrc/ghsa/ghsa.go:162.79,164.4 1 1
github.com/aquasecurity/trivy-db/pkg/vulnsrc/ghsa/ghsa.go:170.59,173.16 3 7
github.com/aquasecurity/trivy-db/pkg/vulnsrc/ghsa/ghsa.go:177.2,178.36 2 6
github.com/aquasecurity/trivy-db/pkg/vulnsrc/ghsa/ghsa.go:186.2,186.21 1 6
github.com/aquasecurity/trivy-db/pkg/vulnsrc/ghsa/ghsa.go:173.16,175.3 1 1
github.com/aquasecurity/trivy-db/pkg/vulnsrc/ghsa/ghsa.go:178.36,180.53 2 6
github.com/aquasecurity/trivy-db/pkg/vulnsrc/ghsa/ghsa.go:183.3,184.38 2 6
github.com/aquasecurity/trivy-db/pkg/vulnsrc/ghsa/ghsa.go:180.53,182.4 1 0
github.com/aquasecurity/trivy-db/pkg/vulnsrc/ghsa/ghsa.go:189.56,190.17 1 9
github.com/aquasecurity/trivy-db/pkg/vulnsrc/ghsa/ghsa.go:191.13,192.27 1 0
github.com/aquasecurity/trivy-db/pkg/vulnsrc/ghsa/ghsa.go:193.18,194.30 1 5
github.com/aquasecurity/trivy-db/pkg/vulnsrc/ghsa/ghsa.go:195.14,196.28 1 4
github.com/aquasecurity/trivy-db/pkg/vulnsrc/ghsa/ghsa.go:197.18,198.32 1 0
github.com/aquasecurity/trivy-db/pkg/vulnsrc/ghsa/ghsa.go:199.10,200.31 1 0
github.com/aquasecurity/trivy-db/pkg/github/github.go:42.135,44.2 1 0
github.com/aquasecurity/trivy-db/pkg/github/github.go:46.123,48.2 1 0
github.com/aquasecurity/trivy-db/pkg/github/github.go:50.144,52.2 1 0
github.com/aquasecurity/trivy-db/pkg/github/github.go:54.161,56.2 1 0
github.com/aquasecurity/trivy-db/pkg/github/github.go:58.92,60.2 1 0
github.com/aquasecurity/trivy-db/pkg/github/github.go:62.90,64.2 1 0
github.com/aquasecurity/trivy-db/pkg/github/github.go:75.44,93.2 5 0
github.com/aquasecurity/trivy-db/pkg/github/github.go:95.84,100.66 4 7
github.com/aquasecurity/trivy-db/pkg/github/github.go:104.2,104.54 1 4
github.com/aquasecurity/trivy-db/pkg/github/github.go:108.2,108.12 1 4
github.com/aquasecurity/trivy-db/pkg/github/github.go:100.66,102.3 1 3
github.com/aquasecurity/trivy-db/pkg/github/github.go:104.54,106.3 1 0
github.com/aquasecurity/trivy-db/pkg/github/github.go:111.95,114.16 3 7
github.com/aquasecurity/trivy-db/pkg/github/github.go:120.2,120.43 1 6
github.com/aquasecurity/trivy-db/pkg/github/github.go:133.2,133.37 1 5
github.com/aquasecurity/trivy-db/pkg/github/github.go:150.2,150.12 1 4
github.com/aquasecurity/trivy-db/pkg/github/github.go:114.16,115.58 1 2
github.com/aquasecurity/trivy-db/pkg/github/github.go:115.58,117.4 1 1
github.com/aquasecurity/trivy-db/pkg/github/github.go:120.43,128.17 3 2
github.com/aquasecurity/trivy-db/pkg/github/github.go:128.17,130.4 1 1
github.com/aquasecurity/trivy-db/pkg/github/github.go:133.37,141.17 5 9
github.com/aquasecurity/trivy-db/pkg/github/github.go:145.3,146.17 2 9
github.com/aquasecurity/trivy-db/pkg/github/github.go:141.17,143.4 1 0
github.com/aquasecurity/trivy-db/pkg/github/github.go:146.17,148.4 1 1
github.com/aquasecurity/trivy-db/pkg/github/github.go:153.77,156.16 3 4
github.com/aquasecurity/trivy-db/pkg/github/github.go:160.2,160.24 1 4
github.com/aquasecurity/trivy-db/pkg/github/github.go:164.2,164.43 1 1
github.com/aquasecurity/trivy-db/pkg/github/github.go:168.2,168.39 1 1
github.com/aquasecurity/trivy-db/pkg/github/github.go:181.2,181.12 1 1
github.com/aquasecurity/trivy-db/pkg/github/github.go:156.16,158.3 1 0
github.com/aquasecurity/trivy-db/pkg/github/github.go:160.24,162.3 1 3
github.com/aquasecurity/trivy-db/pkg/github/github.go:164.43,166.3 1 6
github.com/aquasecurity/trivy-db/pkg/github/github.go:168.39,172.17 3 1
github.com/aquasecurity/trivy-db/pkg/github/github.go:175.3,177.17 3 1
github.com/aquasecurity/trivy-db/pkg/github/github.go:172.17,174.4 1 0
github.com/aquasecurity/trivy-db/pkg/github/github.go:177.17,179.4 1 0
github.com/aquasecurity/trivy-db/pkg/github/mock_repository_interface.go:33.94,35.24 2 2
github.com/aquasecurity/trivy-db/pkg/github/mock_repository_interface.go:40.2,40.28 1 2
github.com/aquasecurity/trivy-db/pkg/github/mock_repository_interface.go:45.2,45.93 1 2
github.com/aquasecurity/trivy-db/pkg/github/mock_repository_interface.go:35.24,37.3 1 2
github.com/aquasecurity/trivy-db/pkg/github/mock_repository_interface.go:37.8,39.3 1 0
github.com/aquasecurity/trivy-db/pkg/github/mock_repository_interface.go:40.28,42.3 1 0
github.com/aquasecurity/trivy-db/pkg/github/mock_repository_interface.go:42.8,44.3 1 2
github.com/aquasecurity/trivy-db/pkg/github/mock_repository_interface.go:48.108,49.33 1 7
github.com/aquasecurity/trivy-db/pkg/github/mock_repository_interface.go:49.33,51.3 1 2
github.com/aquasecurity/trivy-db/pkg/github/mock_repository_interface.go:55.168,59.113 3 2
github.com/aquasecurity/trivy-db/pkg/github/mock_repository_interface.go:67.2,68.104 2 2
github.com/aquasecurity/trivy-db/pkg/github/mock_repository_interface.go:76.2,77.90 2 2
github.com/aquasecurity/trivy-db/pkg/github/mock_repository_interface.go:83.2,83.19 1 2
github.com/aquasecurity/trivy-db/pkg/github/mock_repository_interface.go:59.113,61.3 1 0
github.com/aquasecurity/trivy-db/pkg/github/mock_repository_interface.go:61.8,62.24 1 2
github.com/aquasecurity/trivy-db/pkg/github/mock_repository_interface.go:62.24,64.4 1 2
github.com/aquasecurity/trivy-db/pkg/github/mock_repository_interface.go:68.104,70.3 1 0
github.com/aquasecurity/trivy-db/pkg/github/mock_repository_interface.go:70.8,71.24 1 2
github.com/aquasecurity/trivy-db/pkg/github/mock_repository_interface.go:71.24,73.4 1 2
github.com/aquasecurity/trivy-db/pkg/github/mock_repository_interface.go:77.90,79.3 1 0
github.com/aquasecurity/trivy-db/pkg/github/mock_repository_interface.go:79.8,81.3 1 2
github.com/aquasecurity/trivy-db/pkg/github/mock_repository_interface.go:103.86,105.24 2 1
github.com/aquasecurity/trivy-db/pkg/github/mock_repository_interface.go:110.2,110.24 1 1
github.com/aquasecurity/trivy-db/pkg/github/mock_repository_interface.go:115.2,115.66 1 1
github.com/aquasecurity/trivy-db/pkg/github/mock_repository_interface.go:105.24,107.3 1 1
github.com/aquasecurity/trivy-db/pkg/github/mock_repository_interface.go:107.8,109.3 1 0
github.com/aquasecurity/trivy-db/pkg/github/mock_repository_interface.go:110.24,112.3 1 0
github.com/aquasecurity/trivy-db/pkg/github/mock_repository_interface.go:112.8,114.3 1 1
github.com/aquasecurity/trivy-db/pkg/github/mock_repository_interface.go:118.100,119.33 1 7
github.com/aquasecurity/trivy-db/pkg/github/mock_repository_interface.go:119.33,121.3 1 1
github.com/aquasecurity/trivy-db/pkg/github/mock_repository_interface.go:125.108,129.82 3 1
github.com/aquasecurity/trivy-db/pkg/github/mock_repository_interface.go:137.2,138.68 2 1
github.com/aquasecurity/trivy-db/pkg/github/mock_repository_interface.go:144.2,144.15 1 1
github.com/aquasecurity/trivy-db/pkg/github/mock_repository_interface.go:129.82,131.3 1 0
github.com/aquasecurity/trivy-db/pkg/github/mock_repository_interface.go:131.8,132.24 1 1
github.com/aquasecurity/trivy-db/pkg/github/mock_repository_interface.go:132.24,134.4 1 1
github.com/aquasecurity/trivy-db/pkg/github/mock_repository_interface.go:138.68,140.3 1 0
github.com/aquasecurity/trivy-db/pkg/github/mock_repository_interface.go:140.8,142.3 1 1
github.com/aquasecurity/trivy-db/pkg/github/mock_repository_interface.go:164.94,166.24 2 1
github.com/aquasecurity/trivy-db/pkg/github/mock_repository_interface.go:171.2,171.23 1 1
github.com/aquasecurity/trivy-db/pkg/github/mock_repository_interface.go:176.2,176.70 1 1
github.com/aquasecurity/trivy-db/pkg/github/mock_repository_interface.go:166.24,168.3 1 1
github.com/aquasecurity/trivy-db/pkg/github/mock_repository_interface.go:168.8,170.3 1 0
github.com/aquasecurity/trivy-db/pkg/github/mock_repository_interface.go:171.23,173.3 1 0
github.com/aquasecurity/trivy-db/pkg/github/mock_repository_interface.go:173.8,175.3 1 1
github.com/aquasecurity/trivy-db/pkg/github/mock_repository_interface.go:179.108,180.33 1 7
github.com/aquasecurity/trivy-db/pkg/github/mock_repository_interface.go:180.33,182.3 1 1
github.com/aquasecurity/trivy-db/pkg/github/mock_repository_interface.go:186.110,190.81 3 1
github.com/aquasecurity/trivy-db/pkg/github/mock_repository_interface.go:198.2,199.67 2 1
github.com/aquasecurity/trivy-db/pkg/github/mock_repository_interface.go:205.2,205.15 1 1
github.com/aquasecurity/trivy-db/pkg/github/mock_repository_interface.go:190.81,192.3 1 0
github.com/aquasecurity/trivy-db/pkg/github/mock_repository_interface.go:192.8,193.24 1 1
github.com/aquasecurity/trivy-db/pkg/github/mock_repository_interface.go:193.24,195.4 1 1
github.com/aquasecurity/trivy-db/pkg/github/mock_repository_interface.go:199.67,201.3 1 0
github.com/aquasecurity/trivy-db/pkg/github/mock_repository_interface.go:201.8,203.3 1 1
github.com/aquasecurity/trivy-db/pkg/github/mock_repository_interface.go:226.98,228.24 2 7
github.com/aquasecurity/trivy-db/pkg/github/mock_repository_interface.go:233.2,233.24 1 7
github.com/aquasecurity/trivy-db/pkg/github/mock_repository_interface.go:238.2,238.96 1 7
github.com/aquasecurity/trivy-db/pkg/github/mock_repository_interface.go:228.24,230.3 1 6
github.com/aquasecurity/trivy-db/pkg/github/mock_repository_interface.go:230.8,232.3 1 1
github.com/aquasecurity/trivy-db/pkg/github/mock_repository_interface.go:233.24,235.3 1 0
github.com/aquasecurity/trivy-db/pkg/github/mock_repository_interface.go:235.8,237.3 1 7
github.com/aquasecurity/trivy-db/pkg/github/mock_repository_interface.go:241.112,242.33 1 7
github.com/aquasecurity/trivy-db/pkg/github/mock_repository_interface.go:242.33,244.3 1 7
github.com/aquasecurity/trivy-db/pkg/github/mock_repository_interface.go:248.144,252.91 3 7
github.com/aquasecurity/trivy-db/pkg/github/mock_repository_interface.go:260.2,261.82 2 7
github.com/aquasecurity/trivy-db/pkg/github/mock_repository_interface.go:269.2,270.68 2 7
github.com/aquasecurity/trivy-db/pkg/github/mock_repository_interface.go:276.2,276.19 1 7
github.com/aquasecurity/trivy-db/pkg/github/mock_repository_interface.go:252.91,254.3 1 0
github.com/aquasecurity/trivy-db/pkg/github/mock_repository_interface.go:254.8,255.24 1 7
github.com/aquasecurity/trivy-db/pkg/github/mock_repository_interface.go:255.24,257.4 1 7
github.com/aquasecurity/trivy-db/pkg/github/mock_repository_interface.go:261.82,263.3 1 0
github.com/aquasecurity/trivy-db/pkg/github/mock_repository_interface.go:263.8,264.24 1 7
github.com/aquasecurity/trivy-db/pkg/github/mock_repository_interface.go:264.24,266.4 1 7
github.com/aquasecurity/trivy-db/pkg/github/mock_repository_interface.go:270.68,272.3 1 0
github.com/aquasecurity/trivy-db/pkg/github/mock_repository_interface.go:272.8,274.3 1 7
github.com/aquasecurity/trivy-db/pkg/github/mock_repository_interface.go:297.92,299.24 2 4
github.com/aquasecurity/trivy-db/pkg/github/mock_repository_interface.go:304.2,304.24 1 4
github.com/aquasecurity/trivy-db/pkg/github/mock_repository_interface.go:309.2,309.94 1 4
github.com/aquasecurity/trivy-db/pkg/github/mock_repository_interface.go:299.24,301.3 1 4
github.com/aquasecurity/trivy-db/pkg/github/mock_repository_interface.go:301.8,303.3 1 0
github.com/aquasecurity/trivy-db/pkg/github/mock_repository_interface.go:304.24,306.3 1 4
github.com/aquasecurity/trivy-db/pkg/github/mock_repository_interface.go:306.8,308.3 1 0
github.com/aquasecurity/trivy-db/pkg/github/mock_repository_interface.go:312.106,313.33 1 7
github.com/aquasecurity/trivy-db/pkg/github/mock_repository_interface.go:313.33,315.3 1 4
github.com/aquasecurity/trivy-db/pkg/github/mock_repository_interface.go:319.159,323.109 3 4
github.com/aquasecurity/trivy-db/pkg/github/mock_repository_interface.go:331.2,332.98 2 4
github.com/aquasecurity/trivy-db/pkg/github/mock_repository_interface.go:340.2,341.84 2 4
github.com/aquasecurity/trivy-db/pkg/github/mock_repository_interface.go:347.2,347.19 1 4
github.com/aquasecurity/trivy-db/pkg/github/mock_repository_interface.go:323.109,325.3 1 0
github.com/aquasecurity/trivy-db/pkg/github/mock_repository_interface.go:325.8,326.24 1 4
github.com/aquasecurity/trivy-db/pkg/github/mock_repository_interface.go:326.24,328.4 1 4
github.com/aquasecurity/trivy-db/pkg/github/mock_repository_interface.go:332.98,334.3 1 0
github.com/aquasecurity/trivy-db/pkg/github/mock_repository_interface.go:334.8,335.24 1 4
github.com/aquasecurity/trivy-db/pkg/github/mock_repository_interface.go:335.24,337.4 1 4
github.com/aquasecurity/trivy-db/pkg/github/mock_repository_interface.go:341.84,343.3 1 0
github.com/aquasecurity/trivy-db/pkg/github/mock_repository_interface.go:343.8,345.3 1 4
github.com/aquasecurity/trivy-db/pkg/github/mock_repository_interface.go:372.104,374.24 2 5
github.com/aquasecurity/trivy-db/pkg/github/mock_repository_interface.go:379.2,379.23 1 5
github.com/aquasecurity/trivy-db/pkg/github/mock_repository_interface.go:384.2,384.24 1 5
github.com/aquasecurity/trivy-db/pkg/github/mock_repository_interface.go:389.2,389.25 1 5
github.com/aquasecurity/trivy-db/pkg/github/mock_repository_interface.go:394.2,394.97 1 5
github.com/aquasecurity/trivy-db/pkg/github/mock_repository_interface.go:374.24,376.3 1 4
github.com/aquasecurity/trivy-db/pkg/github/mock_repository_interface.go:376.8,378.3 1 1
github.com/aquasecurity/trivy-db/pkg/github/mock_repository_interface.go:379.23,381.3 1 0
github.com/aquasecurity/trivy-db/pkg/github/mock_repository_interface.go:381.8,383.3 1 5
github.com/aquasecurity/trivy-db/pkg/github/mock_repository_interface.go:384.24,386.3 1 4
github.com/aquasecurity/trivy-db/pkg/github/mock_repository_interface.go:386.8,388.3 1 1
github.com/aquasecurity/trivy-db/pkg/github/mock_repository_interface.go:389.25,391.3 1 5
github.com/aquasecurity/trivy-db/pkg/github/mock_repository_interface.go:391.8,393.3 1 0
github.com/aquasecurity/trivy-db/pkg/github/mock_repository_interface.go:397.118,398.33 1 7
github.com/aquasecurity/trivy-db/pkg/github/mock_repository_interface.go:398.33,400.3 1 5
github.com/aquasecurity/trivy-db/pkg/github/mock_repository_interface.go:404.185,408.121 3 9
github.com/aquasecurity/trivy-db/pkg/github/mock_repository_interface.go:416.2,417.117 2 9
github.com/aquasecurity/trivy-db/pkg/github/mock_repository_interface.go:425.2,426.103 2 9
github.com/aquasecurity/trivy-db/pkg/github/mock_repository_interface.go:432.2,432.19 1 9
github.com/aquasecurity/trivy-db/pkg/github/mock_repository_interface.go:408.121,410.3 1 0
github.com/aquasecurity/trivy-db/pkg/github/mock_repository_interface.go:410.8,411.24 1 9
github.com/aquasecurity/trivy-db/pkg/github/mock_repository_interface.go:411.24,413.4 1 9
github.com/aquasecurity/trivy-db/pkg/github/mock_repository_interface.go:417.117,419.3 1 0
github.com/aquasecurity/trivy-db/pkg/github/mock_repository_interface.go:419.8,420.24 1 9
github.com/aquasecurity/trivy-db/pkg/github/mock_repository_interface.go:420.24,422.4 1 9
github.com/aquasecurity/trivy-db/pkg/github/mock_repository_interface.go:426.103,428.3 1 0
github.com/aquasecurity/trivy-db/pkg/github/mock_repository_interface.go:428.8,430.3 1 9
github.com/aquasecurity/trivy-db/pkg/github/mock_vcs_client_interface.go:29.105,31.24 2 0
github.com/aquasecurity/trivy-db/pkg/github/mock_vcs_client_interface.go:36.2,36.30 1 0
github.com/aquasecurity/trivy-db/pkg/github/mock_vcs_client_interface.go:41.2,41.61 1 0
github.com/aquasecurity/trivy-db/pkg/github/mock_vcs_client_interface.go:31.24,33.3 1 0
github.com/aquasecurity/trivy-db/pkg/github/mock_vcs_client_interface.go:33.8,35.3 1 0
github.com/aquasecurity/trivy-db/pkg/github/mock_vcs_client_interface.go:36.30,38.3 1 0
github.com/aquasecurity/trivy-db/pkg/github/mock_vcs_client_interface.go:38.8,40.3 1 0
github.com/aquasecurity/trivy-db/pkg/github/mock_vcs_client_interface.go:44.119,45.33 1 0
github.com/aquasecurity/trivy-db/pkg/github/mock_vcs_client_interface.go:45.33,47.3 1 0
github.com/aquasecurity/trivy-db/pkg/github/mock_vcs_client_interface.go:51.102,55.70 3 0
github.com/aquasecurity/trivy-db/pkg/github/mock_vcs_client_interface.go:61.2,61.11 1 0
github.com/aquasecurity/trivy-db/pkg/github/mock_vcs_client_interface.go:55.70,57.3 1 0
github.com/aquasecurity/trivy-db/pkg/github/mock_vcs_client_interface.go:57.8,59.3 1 0
github.com/aquasecurity/trivy-db/pkg/vulnsrc/node/node.go:37.48,39.49 2 4
github.com/aquasecurity/trivy-db/pkg/vulnsrc/node/node.go:43.2,43.26 1 4
github.com/aquasecurity/trivy-db/pkg/vulnsrc/node/node.go:55.2,55.12 1 4
github.com/aquasecurity/trivy-db/pkg/vulnsrc/node/node.go:39.49,41.3 1 0
github.com/aquasecurity/trivy-db/pkg/vulnsrc/node/node.go:44.15,45.14 1 1
github.com/aquasecurity/trivy-db/pkg/vulnsrc/node/node.go:46.14,48.17 2 2
github.com/aquasecurity/trivy-db/pkg/vulnsrc/node/node.go:51.3,51.14 1 2
github.com/aquasecurity/trivy-db/pkg/vulnsrc/node/node.go:52.10,53.15 1 1
github.com/aquasecurity/trivy-db/pkg/vulnsrc/node/node.go:48.17,50.4 1 0
github.com/aquasecurity/trivy-db/pkg/vulnsrc/node/node.go:82.27,86.2 1 0
github.com/aquasecurity/trivy-db/pkg/vulnsrc/node/node.go:88.50,90.44 2 0
github.com/aquasecurity/trivy-db/pkg/vulnsrc/node/node.go:93.2,93.12 1 0
github.com/aquasecurity/trivy-db/pkg/vulnsrc/node/node.go:90.44,92.3 1 0
github.com/aquasecurity/trivy-db/pkg/vulnsrc/node/node.go:96.49,99.52 2 0
github.com/aquasecurity/trivy-db/pkg/vulnsrc/node/node.go:105.2,105.16 1 0
github.com/aquasecurity/trivy-db/pkg/vulnsrc/node/node.go:108.2,108.12 1 0
github.com/aquasecurity/trivy-db/pkg/vulnsrc/node/node.go:99.52,100.43 1 0
github.com/aquasecurity/trivy-db/pkg/vulnsrc/node/node.go:103.3,103.13 1 0
github.com/aquasecurity/trivy-db/pkg/vulnsrc/node/node.go:100.43,102.4 1 0
github.com/aquasecurity/trivy-db/pkg/vulnsrc/node/node.go:105.16,107.3 1 0
github.com/aquasecurity/trivy-db/pkg/vulnsrc/node/node.go:111.56,112.109 1 0
github.com/aquasecurity/trivy-db/pkg/vulnsrc/node/node.go:112.109,113.17 1 0
github.com/aquasecurity/trivy-db/pkg/vulnsrc/node/node.go:116.3,116.63 1 0
github.com/aquasecurity/trivy-db/pkg/vulnsrc/node/node.go:120.3,121.17 2 0
github.com/aquasecurity/trivy-db/pkg/vulnsrc/node/node.go:124.3,126.26 2 0
github.com/aquasecurity/trivy-db/pkg/vulnsrc/node/node.go:113.17,115.4 1 0
github.com/aquasecurity/trivy-db/pkg/vulnsrc/node/node.go:116.63,118.4 1 0
github.com/aquasecurity/trivy-db/pkg/vulnsrc/node/node.go:121.17,123.4 1 0
github.com/aquasecurity/trivy-db/pkg/vulnsrc/node/node.go:130.57,133.60 3 7
github.com/aquasecurity/trivy-db/pkg/vulnsrc/node/node.go:138.2,138.31 1 6
github.com/aquasecurity/trivy-db/pkg/vulnsrc/node/node.go:141.2,144.32 3 4
github.com/aquasecurity/trivy-db/pkg/vulnsrc/node/node.go:148.2,152.42 2 4
github.com/aquasecurity/trivy-db/pkg/vulnsrc/node/node.go:182.2,182.12 1 4
github.com/aquasecurity/trivy-db/pkg/vulnsrc/node/node.go:133.60,135.3 1 1
github.com/aquasecurity/trivy-db/pkg/vulnsrc/node/node.go:138.31,140.3 1 2
github.com/aquasecurity/trivy-db/pkg/vulnsrc/node/node.go:144.32,146.3 1 2
github.com/aquasecurity/trivy-db/pkg/vulnsrc/node/node.go:152.42,155.17 2 4
github.com/aquasecurity/trivy-db/pkg/vulnsrc/node/node.go:161.3,161.42 1 4
github.com/aquasecurity/trivy-db/pkg/vulnsrc/node/node.go:166.3,173.104 2 4
github.com/aquasecurity/trivy-db/pkg/vulnsrc/node/node.go:177.3,177.79 1 4
github.com/aquasecurity/trivy-db/pkg/vulnsrc/node/node.go:155.17,157.4 1 0
github.com/aquasecurity/trivy-db/pkg/vulnsrc/node/node.go:161.42,163.4 1 2
github.com/aquasecurity/trivy-db/pkg/vulnsrc/node/node.go:173.104,175.4 1 0
github.com/aquasecurity/trivy-db/pkg/vulnsrc/node/node.go:177.79,179.4 1 0
github.com/aquasecurity/trivy-db/pkg/vulnsrc/node/node.go:185.59,187.16 2 0
github.com/aquasecurity/trivy-db/pkg/vulnsrc/node/node.go:191.2,192.36 2 0
github.com/aquasecurity/trivy-db/pkg/vulnsrc/node/node.go:200.2,200.21 1 0
github.com/aquasecurity/trivy-db/pkg/vulnsrc/node/node.go:187.16,189.3 1 0
github.com/aquasecurity/trivy-db/pkg/vulnsrc/node/node.go:192.36,194.53 2 0
github.com/aquasecurity/trivy-db/pkg/vulnsrc/node/node.go:197.3,198.38 2 0
github.com/aquasecurity/trivy-db/pkg/vulnsrc/node/node.go:194.53,196.4 1 0
github.com/aquasecurity/trivy-db/pkg/vulnsrc/mock_operation.go:45.80,47.29 2 3
github.com/aquasecurity/trivy-db/pkg/vulnsrc/mock_operation.go:52.2,52.53 1 3
github.com/aquasecurity/trivy-db/pkg/vulnsrc/mock_operation.go:47.29,49.3 1 0
github.com/aquasecurity/trivy-db/pkg/vulnsrc/mock_operation.go:49.8,51.3 1 3
github.com/aquasecurity/trivy-db/pkg/vulnsrc/mock_operation.go:55.94,56.33 1 5
github.com/aquasecurity/trivy-db/pkg/vulnsrc/mock_operation.go:56.33,58.3 1 3
github.com/aquasecurity/trivy-db/pkg/vulnsrc/mock_operation.go:62.66,66.56 3 3
github.com/aquasecurity/trivy-db/pkg/vulnsrc/mock_operation.go:72.2,72.11 1 3
github.com/aquasecurity/trivy-db/pkg/vulnsrc/mock_operation.go:66.56,68.3 1 0
github.com/aquasecurity/trivy-db/pkg/vulnsrc/mock_operation.go:68.8,70.3 1 3
github.com/aquasecurity/trivy-db/pkg/vulnsrc/mock_operation.go:75.84,77.29 2 2
github.com/aquasecurity/trivy-db/pkg/vulnsrc/mock_operation.go:83.2,83.24 1 2
github.com/aquasecurity/trivy-db/pkg/vulnsrc/mock_operation.go:89.2,89.55 1 2
github.com/aquasecurity/trivy-db/pkg/vulnsrc/mock_operation.go:77.29,79.3 1 0
github.com/aquasecurity/trivy-db/pkg/vulnsrc/mock_operation.go:79.8,81.3 1 2
github.com/aquasecurity/trivy-db/pkg/vulnsrc/mock_operation.go:83.24,85.3 1 2
github.com/aquasecurity/trivy-db/pkg/vulnsrc/mock_operation.go:85.8,87.3 1 0
github.com/aquasecurity/trivy-db/pkg/vulnsrc/mock_operation.go:92.98,93.33 1 5
github.com/aquasecurity/trivy-db/pkg/vulnsrc/mock_operation.go:93.33,95.3 1 2
github.com/aquasecurity/trivy-db/pkg/vulnsrc/mock_operation.go:99.80,103.64 3 2
github.com/aquasecurity/trivy-db/pkg/vulnsrc/mock_operation.go:109.2,109.11 1 2
github.com/aquasecurity/trivy-db/pkg/vulnsrc/mock_operation.go:103.64,105.3 1 0
github.com/aquasecurity/trivy-db/pkg/vulnsrc/mock_operation.go:105.8,107.3 1 2
github.com/aquasecurity/trivy-db/pkg/vulnsrc/mock_optimizer.go:20.74,23.2 2 1
github.com/aquasecurity/trivy-db/pkg/vulnsrc/mock_optimizer.go:25.88,26.33 1 5
github.com/aquasecurity/trivy-db/pkg/vulnsrc/mock_optimizer.go:26.33,28.3 1 1
github.com/aquasecurity/trivy-db/pkg/vulnsrc/mock_optimizer.go:32.43,36.45 3 1
github.com/aquasecurity/trivy-db/pkg/vulnsrc/mock_optimizer.go:42.2,42.11 1 1
github.com/aquasecurity/trivy-db/pkg/vulnsrc/mock_optimizer.go:36.45,38.3 1 0
github.com/aquasecurity/trivy-db/pkg/vulnsrc/mock_optimizer.go:38.8,40.3 1 1
github.com/aquasecurity/trivy-db/pkg/vulnsrc/mock_vuln_src.go:26.68,28.24 2 0
github.com/aquasecurity/trivy-db/pkg/vulnsrc/mock_vuln_src.go:33.2,33.48 1 0
github.com/aquasecurity/trivy-db/pkg/vulnsrc/mock_vuln_src.go:28.24,30.3 1 0
github.com/aquasecurity/trivy-db/pkg/vulnsrc/mock_vuln_src.go:30.8,32.3 1 0
github.com/aquasecurity/trivy-db/pkg/vulnsrc/mock_vuln_src.go:36.82,37.33 1 0
github.com/aquasecurity/trivy-db/pkg/vulnsrc/mock_vuln_src.go:37.33,39.3 1 0
github.com/aquasecurity/trivy-db/pkg/vulnsrc/mock_vuln_src.go:43.49,47.51 3 0
github.com/aquasecurity/trivy-db/pkg/vulnsrc/mock_vuln_src.go:53.2,53.11 1 0
github.com/aquasecurity/trivy-db/pkg/vulnsrc/mock_vuln_src.go:47.51,49.3 1 0
github.com/aquasecurity/trivy-db/pkg/vulnsrc/mock_vuln_src.go:49.8,51.3 1 0
github.com/aquasecurity/trivy-db/pkg/vulnsrc/vulnsrc.go:70.13,72.38 2 1
github.com/aquasecurity/trivy-db/pkg/vulnsrc/vulnsrc.go:72.38,74.3 1 23
github.com/aquasecurity/trivy-db/pkg/vulnsrc/vulnsrc.go:92.78,99.11 6 2
github.com/aquasecurity/trivy-db/pkg/vulnsrc/vulnsrc.go:104.2,112.3 1 2
github.com/aquasecurity/trivy-db/pkg/vulnsrc/vulnsrc.go:99.11,102.3 2 1
github.com/aquasecurity/trivy-db/pkg/vulnsrc/vulnsrc.go:115.49,117.42 2 5
github.com/aquasecurity/trivy-db/pkg/vulnsrc/vulnsrc.go:120.2,120.39 1 5
github.com/aquasecurity/trivy-db/pkg/vulnsrc/vulnsrc.go:132.2,140.16 3 3
github.com/aquasecurity/trivy-db/pkg/vulnsrc/vulnsrc.go:144.2,145.16 2 2
github.com/aquasecurity/trivy-db/pkg/vulnsrc/vulnsrc.go:149.2,149.31 1 1
github.com/aquasecurity/trivy-db/pkg/vulnsrc/vulnsrc.go:117.42,119.3 1 0
github.com/aquasecurity/trivy-db/pkg/vulnsrc/vulnsrc.go:120.39,122.10 2 5
github.com/aquasecurity/trivy-db/pkg/vulnsrc/vulnsrc.go:125.3,127.52 2 4
github.com/aquasecurity/trivy-db/pkg/vulnsrc/vulnsrc.go:122.10,124.4 1 1
github.com/aquasecurity/trivy-db/pkg/vulnsrc/vulnsrc.go:127.52,129.4 1 1
github.com/aquasecurity/trivy-db/pkg/vulnsrc/vulnsrc.go:140.16,142.3 1 1
github.com/aquasecurity/trivy-db/pkg/vulnsrc/vulnsrc.go:145.16,147.3 1 1
github.com/aquasecurity/trivy-db/pkg/vulnsrc/vulnsrc.go:161.41,162.87 1 4
github.com/aquasecurity/trivy-db/pkg/vulnsrc/vulnsrc.go:165.2,165.16 1 4
github.com/aquasecurity/trivy-db/pkg/vulnsrc/vulnsrc.go:169.2,169.53 1 3
github.com/aquasecurity/trivy-db/pkg/vulnsrc/vulnsrc.go:173.2,173.64 1 2
github.com/aquasecurity/trivy-db/pkg/vulnsrc/vulnsrc.go:177.2,177.59 1 1
github.com/aquasecurity/trivy-db/pkg/vulnsrc/vulnsrc.go:181.2,181.12 1 1
github.com/aquasecurity/trivy-db/pkg/vulnsrc/vulnsrc.go:162.87,164.3 1 0
github.com/aquasecurity/trivy-db/pkg/vulnsrc/vulnsrc.go:165.16,167.3 1 1
github.com/aquasecurity/trivy-db/pkg/vulnsrc/vulnsrc.go:169.53,171.3 1 1
github.com/aquasecurity/trivy-db/pkg/vulnsrc/vulnsrc.go:173.64,175.3 1 1
github.com/aquasecurity/trivy-db/pkg/vulnsrc/vulnsrc.go:177.59,179.3 1 0
github.com/aquasecurity/trivy-db/pkg/vulnsrc/vulnsrc.go:185.70,187.38 2 3
github.com/aquasecurity/trivy-db/pkg/vulnsrc/vulnsrc.go:191.2,191.68 1 2
github.com/aquasecurity/trivy-db/pkg/vulnsrc/vulnsrc.go:195.2,196.64 2 2
github.com/aquasecurity/trivy-db/pkg/vulnsrc/vulnsrc.go:199.2,199.12 1 2
github.com/aquasecurity/trivy-db/pkg/vulnsrc/vulnsrc.go:187.38,189.3 1 1
github.com/aquasecurity/trivy-db/pkg/vulnsrc/vulnsrc.go:191.68,193.3 1 0
github.com/aquasecurity/trivy-db/pkg/vulnsrc/vulnsrc.go:196.64,198.3 1 0
github.com/aquasecurity/trivy-db/pkg/vulnsrc/vulnsrc.go:207.42,208.88 1 3
github.com/aquasecurity/trivy-db/pkg/vulnsrc/vulnsrc.go:211.2,211.16 1 3
github.com/aquasecurity/trivy-db/pkg/vulnsrc/vulnsrc.go:215.2,215.64 1 2
github.com/aquasecurity/trivy-db/pkg/vulnsrc/vulnsrc.go:218.2,218.12 1 1
github.com/aquasecurity/trivy-db/pkg/vulnsrc/vulnsrc.go:208.88,210.3 1 0
github.com/aquasecurity/trivy-db/pkg/vulnsrc/vulnsrc.go:211.16,213.3 1 1
github.com/aquasecurity/trivy-db/pkg/vulnsrc/vulnsrc.go:215.64,217.3 1 1
github.com/aquasecurity/trivy-db/pkg/vulnsrc/vulnsrc.go:221.72,224.38 2 3
github.com/aquasecurity/trivy-db/pkg/vulnsrc/vulnsrc.go:228.2,228.68 1 2
github.com/aquasecurity/trivy-db/pkg/vulnsrc/vulnsrc.go:232.2,243.64 4 2
github.com/aquasecurity/trivy-db/pkg/vulnsrc/vulnsrc.go:247.2,247.70 1 2
github.com/aquasecurity/trivy-db/pkg/vulnsrc/vulnsrc.go:250.2,250.12 1 2
github.com/aquasecurity/trivy-db/pkg/vulnsrc/vulnsrc.go:224.38,226.3 1 1
github.com/aquasecurity/trivy-db/pkg/vulnsrc/vulnsrc.go:228.68,230.3 1 0
github.com/aquasecurity/trivy-db/pkg/vulnsrc/vulnsrc.go:243.64,245.3 1 0
github.com/aquasecurity/trivy-db/pkg/vulnsrc/vulnsrc.go:247.70,249.3 1 0
github.com/aquasecurity/trivy-db/pkg/db/advisory.go:11.103,13.16 2 0
github.com/aquasecurity/trivy-db/pkg/db/advisory.go:16.2,16.48 1 0
github.com/aquasecurity/trivy-db/pkg/db/advisory.go:13.16,15.3 1 0
github.com/aquasecurity/trivy-db/pkg/db/advisory.go:19.96,21.2 1 9
github.com/aquasecurity/trivy-db/pkg/db/advisory.go:23.83,25.16 2 5
github.com/aquasecurity/trivy-db/pkg/db/advisory.go:28.2,28.26 1 5
github.com/aquasecurity/trivy-db/pkg/db/advisory.go:32.2,33.36 2 3
github.com/aquasecurity/trivy-db/pkg/db/advisory.go:41.2,41.21 1 3
github.com/aquasecurity/trivy-db/pkg/db/advisory.go:25.16,27.3 1 0
github.com/aquasecurity/trivy-db/pkg/db/advisory.go:28.26,30.3 1 2
github.com/aquasecurity/trivy-db/pkg/db/advisory.go:33.36,35.53 2 6
github.com/aquasecurity/trivy-db/pkg/db/advisory.go:38.3,39.38 2 6
github.com/aquasecurity/trivy-db/pkg/db/advisory.go:35.53,37.4 1 0
github.com/aquasecurity/trivy-db/pkg/db/advisory_detail.go:18.36,20.16 2 0
github.com/aquasecurity/trivy-db/pkg/db/advisory_detail.go:23.2,24.16 2 0
github.com/aquasecurity/trivy-db/pkg/db/advisory_detail.go:27.2,27.51 1 0
github.com/aquasecurity/trivy-db/pkg/db/advisory_detail.go:20.16,22.3 1 0
github.com/aquasecurity/trivy-db/pkg/db/advisory_detail.go:24.16,26.3 1 0
github.com/aquasecurity/trivy-db/pkg/db/advisory_detail.go:30.84,32.41 2 0
github.com/aquasecurity/trivy-db/pkg/db/advisory_detail.go:65.2,65.16 1 0
github.com/aquasecurity/trivy-db/pkg/db/advisory_detail.go:68.2,68.24 1 0
github.com/aquasecurity/trivy-db/pkg/db/advisory_detail.go:32.41,34.18 2 0
github.com/aquasecurity/trivy-db/pkg/db/advisory_detail.go:37.3,38.23 2 0
github.com/aquasecurity/trivy-db/pkg/db/advisory_detail.go:41.3,41.59 1 0
github.com/aquasecurity/trivy-db/pkg/db/advisory_detail.go:60.3,60.17 1 0
github.com/aquasecurity/trivy-db/pkg/db/advisory_detail.go:63.3,63.13 1 0
github.com/aquasecurity/trivy-db/pkg/db/advisory_detail.go:34.18,36.4 1 0
github.com/aquasecurity/trivy-db/pkg/db/advisory_detail.go:38.23,40.4 1 0
github.com/aquasecurity/trivy-db/pkg/db/advisory_detail.go:41.59,43.28 2 0
github.com/aquasecurity/trivy-db/pkg/db/advisory_detail.go:46.4,46.67 1 0
github.com/aquasecurity/trivy-db/pkg/db/advisory_detail.go:58.4,58.14 1 0
github.com/aquasecurity/trivy-db/pkg/db/advisory_detail.go:43.28,45.5 1 0
github.com/aquasecurity/trivy-db/pkg/db/advisory_detail.go:46.67,48.54 2 0
github.com/aquasecurity/trivy-db/pkg/db/advisory_detail.go:51.5,56.15 2 0
github.com/aquasecurity/trivy-db/pkg/db/advisory_detail.go:48.54,50.6 1 0
github.com/aquasecurity/trivy-db/pkg/db/advisory_detail.go:60.17,62.4 1 0
github.com/aquasecurity/trivy-db/pkg/db/advisory_detail.go:65.16,67.3 1 0
github.com/aquasecurity/trivy-db/pkg/db/advisory_detail.go:71.54,73.2 1 0
github.com/aquasecurity/trivy-db/pkg/db/db.go:72.40,75.48 3 15
github.com/aquasecurity/trivy-db/pkg/db/db.go:81.2,82.15 2 15
github.com/aquasecurity/trivy-db/pkg/db/db.go:92.2,93.16 2 15
github.com/aquasecurity/trivy-db/pkg/db/db.go:96.2,96.12 1 14
github.com/aquasecurity/trivy-db/pkg/db/db.go:75.48,77.3 1 0
github.com/aquasecurity/trivy-db/pkg/db/db.go:82.15,83.31 1 15
github.com/aquasecurity/trivy-db/pkg/db/db.go:89.3,89.31 1 15
github.com/aquasecurity/trivy-db/pkg/db/db.go:83.31,84.43 1 1
github.com/aquasecurity/trivy-db/pkg/db/db.go:87.4,87.42 1 1
github.com/aquasecurity/trivy-db/pkg/db/db.go:84.43,86.5 1 0
github.com/aquasecurity/trivy-db/pkg/db/db.go:93.16,95.3 1 0
github.com/aquasecurity/trivy-db/pkg/db/db.go:99.35,103.2 3 26
github.com/aquasecurity/trivy-db/pkg/db/db.go:105.20,106.35 1 9
github.com/aquasecurity/trivy-db/pkg/db/db.go:109.2,109.12 1 9
github.com/aquasecurity/trivy-db/pkg/db/db.go:106.35,108.3 1 0
github.com/aquasecurity/trivy-db/pkg/db/db.go:112.36,114.16 2 0
github.com/aquasecurity/trivy-db/pkg/db/db.go:117.2,117.25 1 0
github.com/aquasecurity/trivy-db/pkg/db/db.go:114.16,116.3 1 0
github.com/aquasecurity/trivy-db/pkg/db/db.go:119.51,122.16 3 2
github.com/aquasecurity/trivy-db/pkg/db/db.go:125.2,125.56 1 2
github.com/aquasecurity/trivy-db/pkg/db/db.go:128.2,128.22 1 1
github.com/aquasecurity/trivy-db/pkg/db/db.go:122.16,124.3 1 0
github.com/aquasecurity/trivy-db/pkg/db/db.go:125.56,127.3 1 1
github.com/aquasecurity/trivy-db/pkg/db/db.go:131.56,133.16 2 1
github.com/aquasecurity/trivy-db/pkg/db/db.go:136.2,136.12 1 1
github.com/aquasecurity/trivy-db/pkg/db/db.go:133.16,135.3 1 0
github.com/aquasecurity/trivy-db/pkg/db/db.go:139.70,141.16 2 1
github.com/aquasecurity/trivy-db/pkg/db/db.go:144.2,144.71 1 1
github.com/aquasecurity/trivy-db/pkg/db/db.go:141.16,143.3 1 0
github.com/aquasecurity/trivy-db/pkg/db/db.go:147.65,149.16 2 0
github.com/aquasecurity/trivy-db/pkg/db/db.go:152.2,152.12 1 0
github.com/aquasecurity/trivy-db/pkg/db/db.go:149.16,151.3 1 0
github.com/aquasecurity/trivy-db/pkg/db/db.go:155.89,156.43 1 1
github.com/aquasecurity/trivy-db/pkg/db/db.go:159.2,159.16 1 1
github.com/aquasecurity/trivy-db/pkg/db/db.go:162.2,162.12 1 1
github.com/aquasecurity/trivy-db/pkg/db/db.go:156.43,158.3 1 1
github.com/aquasecurity/trivy-db/pkg/db/db.go:159.16,161.3 1 0
github.com/aquasecurity/trivy-db/pkg/db/db.go:165.111,167.16 2 1
github.com/aquasecurity/trivy-db/pkg/db/db.go:170.2,170.48 1 1
github.com/aquasecurity/trivy-db/pkg/db/db.go:167.16,169.3 1 0
github.com/aquasecurity/trivy-db/pkg/db/db.go:173.93,175.16 2 1
github.com/aquasecurity/trivy-db/pkg/db/db.go:178.2,179.16 2 1
github.com/aquasecurity/trivy-db/pkg/db/db.go:182.2,182.35 1 1
github.com/aquasecurity/trivy-db/pkg/db/db.go:175.16,177.3 1 0
github.com/aquasecurity/trivy-db/pkg/db/db.go:179.16,181.3 1 0
github.com/aquasecurity/trivy-db/pkg/db/db.go:185.87,186.40 1 2
github.com/aquasecurity/trivy-db/pkg/db/db.go:198.2,198.16 1 2
github.com/aquasecurity/trivy-db/pkg/db/db.go:201.2,201.19 1 2
github.com/aquasecurity/trivy-db/pkg/db/db.go:186.40,188.18 2 2
github.com/aquasecurity/trivy-db/pkg/db/db.go:191.3,192.20 2 1
github.com/aquasecurity/trivy-db/pkg/db/db.go:195.3,196.13 2 1
github.com/aquasecurity/trivy-db/pkg/db/db.go:188.18,190.4 1 1
github.com/aquasecurity/trivy-db/pkg/db/db.go:192.20,194.4 1 0
github.com/aquasecurity/trivy-db/pkg/db/db.go:198.16,200.3 1 0
github.com/aquasecurity/trivy-db/pkg/db/db.go:204.97,206.40 2 9
github.com/aquasecurity/trivy-db/pkg/db/db.go:239.2,239.16 1 9
github.com/aquasecurity/trivy-db/pkg/db/db.go:242.2,242.19 1 9
github.com/aquasecurity/trivy-db/pkg/db/db.go:206.40,209.41 2 9
github.com/aquasecurity/trivy-db/pkg/db/db.go:220.3,220.33 1 9
github.com/aquasecurity/trivy-db/pkg/db/db.go:237.3,237.13 1 5
github.com/aquasecurity/trivy-db/pkg/db/db.go:209.41,213.88 3 2
github.com/aquasecurity/trivy-db/pkg/db/db.go:213.88,215.5 1 4
github.com/aquasecurity/trivy-db/pkg/db/db.go:216.9,219.4 1 7
github.com/aquasecurity/trivy-db/pkg/db/db.go:220.33,222.19 2 11
github.com/aquasecurity/trivy-db/pkg/db/db.go:225.4,226.21 2 9
github.com/aquasecurity/trivy-db/pkg/db/db.go:229.4,229.50 1 7
github.com/aquasecurity/trivy-db/pkg/db/db.go:233.4,233.18 1 7
github.com/aquasecurity/trivy-db/pkg/db/db.go:222.19,224.5 1 2
github.com/aquasecurity/trivy-db/pkg/db/db.go:226.21,228.5 1 2
github.com/aquasecurity/trivy-db/pkg/db/db.go:229.50,232.5 2 10
github.com/aquasecurity/trivy-db/pkg/db/db.go:233.18,235.5 1 0
github.com/aquasecurity/trivy-db/pkg/db/db.go:239.16,241.3 1 0
github.com/aquasecurity/trivy-db/pkg/db/db.go:245.57,246.43 1 0
github.com/aquasecurity/trivy-db/pkg/db/db.go:246.43,247.61 1 0
github.com/aquasecurity/trivy-db/pkg/db/db.go:250.3,250.13 1 0
github.com/aquasecurity/trivy-db/pkg/db/db.go:247.61,249.4 1 0
github.com/aquasecurity/trivy-db/pkg/db/mock_operation.go:30.89,32.23 2 0
github.com/aquasecurity/trivy-db/pkg/db/mock_operation.go:37.2,37.53 1 0
github.com/aquasecurity/trivy-db/pkg/db/mock_operation.go:32.23,34.3 1 0
github.com/aquasecurity/trivy-db/pkg/db/mock_operation.go:34.8,36.3 1 0
github.com/aquasecurity/trivy-db/pkg/db/mock_operation.go:40.103,41.33 1 0
github.com/aquasecurity/trivy-db/pkg/db/mock_operation.go:41.33,43.3 1 0
github.com/aquasecurity/trivy-db/pkg/db/mock_operation.go:47.70,51.66 3 0
github.com/aquasecurity/trivy-db/pkg/db/mock_operation.go:57.2,57.11 1 0
github.com/aquasecurity/trivy-db/pkg/db/mock_operation.go:51.66,53.3 1 0
github.com/aquasecurity/trivy-db/pkg/db/mock_operation.go:53.8,55.3 1 0
github.com/aquasecurity/trivy-db/pkg/db/mock_operation.go:68.119,71.2 2 0
github.com/aquasecurity/trivy-db/pkg/db/mock_operation.go:73.133,74.33 1 0
github.com/aquasecurity/trivy-db/pkg/db/mock_operation.go:74.33,76.3 1 0
github.com/aquasecurity/trivy-db/pkg/db/mock_operation.go:80.61,84.45 3 0
github.com/aquasecurity/trivy-db/pkg/db/mock_operation.go:90.2,90.11 1 0
github.com/aquasecurity/trivy-db/pkg/db/mock_operation.go:84.45,86.3 1 0
github.com/aquasecurity/trivy-db/pkg/db/mock_operation.go:86.8,88.3 1 0
github.com/aquasecurity/trivy-db/pkg/db/mock_operation.go:101.107,104.2 2 0
github.com/aquasecurity/trivy-db/pkg/db/mock_operation.go:106.121,107.33 1 0
github.com/aquasecurity/trivy-db/pkg/db/mock_operation.go:107.33,109.3 1 0
github.com/aquasecurity/trivy-db/pkg/db/mock_operation.go:113.55,117.45 3 0
github.com/aquasecurity/trivy-db/pkg/db/mock_operation.go:123.2,123.11 1 0
github.com/aquasecurity/trivy-db/pkg/db/mock_operation.go:117.45,119.3 1 0
github.com/aquasecurity/trivy-db/pkg/db/mock_operation.go:119.8,121.3 1 0
github.com/aquasecurity/trivy-db/pkg/db/mock_operation.go:134.129,137.2 2 0
github.com/aquasecurity/trivy-db/pkg/db/mock_operation.go:139.143,140.33 1 0
github.com/aquasecurity/trivy-db/pkg/db/mock_operation.go:140.33,142.3 1 0
github.com/aquasecurity/trivy-db/pkg/db/mock_operation.go:146.66,150.45 3 0
github.com/aquasecurity/trivy-db/pkg/db/mock_operation.go:156.2,156.11 1 0
github.com/aquasecurity/trivy-db/pkg/db/mock_operation.go:150.45,152.3 1 0
github.com/aquasecurity/trivy-db/pkg/db/mock_operation.go:152.8,154.3 1 0
github.com/aquasecurity/trivy-db/pkg/db/mock_operation.go:176.97,178.27 2 0
github.com/aquasecurity/trivy-db/pkg/db/mock_operation.go:183.2,183.28 1 0
github.com/aquasecurity/trivy-db/pkg/db/mock_operation.go:188.2,188.74 1 0
github.com/aquasecurity/trivy-db/pkg/db/mock_operation.go:178.27,180.3 1 0
github.com/aquasecurity/trivy-db/pkg/db/mock_operation.go:180.8,182.3 1 0
github.com/aquasecurity/trivy-db/pkg/db/mock_operation.go:183.28,185.3 1 0
github.com/aquasecurity/trivy-db/pkg/db/mock_operation.go:185.8,187.3 1 0
github.com/aquasecurity/trivy-db/pkg/db/mock_operation.go:191.111,192.33 1 0
github.com/aquasecurity/trivy-db/pkg/db/mock_operation.go:192.33,194.3 1 0
github.com/aquasecurity/trivy-db/pkg/db/mock_operation.go:198.100,202.71 3 0
github.com/aquasecurity/trivy-db/pkg/db/mock_operation.go:210.2,211.59 2 0
github.com/aquasecurity/trivy-db/pkg/db/mock_operation.go:217.2,217.15 1 0
github.com/aquasecurity/trivy-db/pkg/db/mock_operation.go:202.71,204.3 1 0
github.com/aquasecurity/trivy-db/pkg/db/mock_operation.go:204.8,205.24 1 0
github.com/aquasecurity/trivy-db/pkg/db/mock_operation.go:205.24,207.4 1 0
github.com/aquasecurity/trivy-db/pkg/db/mock_operation.go:211.59,213.3 1 0
github.com/aquasecurity/trivy-db/pkg/db/mock_operation.go:213.8,215.3 1 0
github.com/aquasecurity/trivy-db/pkg/db/mock_operation.go:234.97,236.23 2 0
github.com/aquasecurity/trivy-db/pkg/db/mock_operation.go:241.2,241.57 1 0
github.com/aquasecurity/trivy-db/pkg/db/mock_operation.go:236.23,238.3 1 0
github.com/aquasecurity/trivy-db/pkg/db/mock_operation.go:238.8,240.3 1 0
github.com/aquasecurity/trivy-db/pkg/db/mock_operation.go:244.111,245.33 1 0
github.com/aquasecurity/trivy-db/pkg/db/mock_operation.go:245.33,247.3 1 0
github.com/aquasecurity/trivy-db/pkg/db/mock_operation.go:251.98,255.90 3 0
github.com/aquasecurity/trivy-db/pkg/db/mock_operation.go:261.2,261.11 1 0
github.com/aquasecurity/trivy-db/pkg/db/mock_operation.go:255.90,257.3 1 0
github.com/aquasecurity/trivy-db/pkg/db/mock_operation.go:257.8,259.3 1 0
github.com/aquasecurity/trivy-db/pkg/db/mock_operation.go:281.93,283.27 2 0
github.com/aquasecurity/trivy-db/pkg/db/mock_operation.go:288.2,288.28 1 0
github.com/aquasecurity/trivy-db/pkg/db/mock_operation.go:293.2,293.77 1 0
github.com/aquasecurity/trivy-db/pkg/db/mock_operation.go:283.27,285.3 1 0
github.com/aquasecurity/trivy-db/pkg/db/mock_operation.go:285.8,287.3 1 0
github.com/aquasecurity/trivy-db/pkg/db/mock_operation.go:288.28,290.3 1 0
github.com/aquasecurity/trivy-db/pkg/db/mock_operation.go:290.8,292.3 1 0
github.com/aquasecurity/trivy-db/pkg/db/mock_operation.go:296.107,297.33 1 0
github.com/aquasecurity/trivy-db/pkg/db/mock_operation.go:297.33,299.3 1 0
github.com/aquasecurity/trivy-db/pkg/db/mock_operation.go:303.97,307.70 3 0
github.com/aquasecurity/trivy-db/pkg/db/mock_operation.go:315.2,316.59 2 0
github.com/aquasecurity/trivy-db/pkg/db/mock_operation.go:322.2,322.15 1 0
github.com/aquasecurity/trivy-db/pkg/db/mock_operation.go:307.70,309.3 1 0
github.com/aquasecurity/trivy-db/pkg/db/mock_operation.go:309.8,310.24 1 0
github.com/aquasecurity/trivy-db/pkg/db/mock_operation.go:310.24,312.4 1 0
github.com/aquasecurity/trivy-db/pkg/db/mock_operation.go:316.59,318.3 1 0
github.com/aquasecurity/trivy-db/pkg/db/mock_operation.go:318.8,320.3 1 0
github.com/aquasecurity/trivy-db/pkg/db/mock_operation.go:340.103,342.26 2 0
github.com/aquasecurity/trivy-db/pkg/db/mock_operation.go:347.2,347.79 1 0
github.com/aquasecurity/trivy-db/pkg/db/mock_operation.go:342.26,344.3 1 0
github.com/aquasecurity/trivy-db/pkg/db/mock_operation.go:344.8,346.3 1 0
github.com/aquasecurity/trivy-db/pkg/db/mock_operation.go:350.117,351.33 1 0
github.com/aquasecurity/trivy-db/pkg/db/mock_operation.go:351.33,353.3 1 0
github.com/aquasecurity/trivy-db/pkg/db/mock_operation.go:357.91,361.68 3 0
github.com/aquasecurity/trivy-db/pkg/db/mock_operation.go:369.2,370.51 2 0
github.com/aquasecurity/trivy-db/pkg/db/mock_operation.go:376.2,376.15 1 0
github.com/aquasecurity/trivy-db/pkg/db/mock_operation.go:361.68,363.3 1 0
github.com/aquasecurity/trivy-db/pkg/db/mock_operation.go:363.8,364.24 1 0
github.com/aquasecurity/trivy-db/pkg/db/mock_operation.go:364.24,366.4 1 0
github.com/aquasecurity/trivy-db/pkg/db/mock_operation.go:370.51,372.3 1 0
github.com/aquasecurity/trivy-db/pkg/db/mock_operation.go:372.8,374.3 1 0
github.com/aquasecurity/trivy-db/pkg/db/mock_operation.go:394.89,396.36 2 0
github.com/aquasecurity/trivy-db/pkg/db/mock_operation.go:401.2,401.73 1 0
github.com/aquasecurity/trivy-db/pkg/db/mock_operation.go:396.36,398.3 1 0
github.com/aquasecurity/trivy-db/pkg/db/mock_operation.go:398.8,400.3 1 0
github.com/aquasecurity/trivy-db/pkg/db/mock_operation.go:404.103,405.33 1 0
github.com/aquasecurity/trivy-db/pkg/db/mock_operation.go:405.33,407.3 1 0
github.com/aquasecurity/trivy-db/pkg/db/mock_operation.go:411.86,415.60 3 0
github.com/aquasecurity/trivy-db/pkg/db/mock_operation.go:421.2,422.51 2 0
github.com/aquasecurity/trivy-db/pkg/db/mock_operation.go:428.2,428.15 1 0
github.com/aquasecurity/trivy-db/pkg/db/mock_operation.go:415.60,417.3 1 0
github.com/aquasecurity/trivy-db/pkg/db/mock_operation.go:417.8,419.3 1 0
github.com/aquasecurity/trivy-db/pkg/db/mock_operation.go:422.51,424.3 1 0
github.com/aquasecurity/trivy-db/pkg/db/mock_operation.go:424.8,426.3 1 0
github.com/aquasecurity/trivy-db/pkg/db/mock_operation.go:446.99,448.36 2 0
github.com/aquasecurity/trivy-db/pkg/db/mock_operation.go:453.2,453.83 1 0
github.com/aquasecurity/trivy-db/pkg/db/mock_operation.go:448.36,450.3 1 0
github.com/aquasecurity/trivy-db/pkg/db/mock_operation.go:450.8,452.3 1 0
github.com/aquasecurity/trivy-db/pkg/db/mock_operation.go:456.113,457.33 1 0
github.com/aquasecurity/trivy-db/pkg/db/mock_operation.go:457.33,459.3 1 0
github.com/aquasecurity/trivy-db/pkg/db/mock_operation.go:463.96,467.65 3 0
github.com/aquasecurity/trivy-db/pkg/db/mock_operation.go:473.2,474.51 2 0
github.com/aquasecurity/trivy-db/pkg/db/mock_operation.go:480.2,480.15 1 0
github.com/aquasecurity/trivy-db/pkg/db/mock_operation.go:467.65,469.3 1 0
github.com/aquasecurity/trivy-db/pkg/db/mock_operation.go:469.8,471.3 1 0
github.com/aquasecurity/trivy-db/pkg/db/mock_operation.go:474.51,476.3 1 0
github.com/aquasecurity/trivy-db/pkg/db/mock_operation.go:476.8,478.3 1 0
github.com/aquasecurity/trivy-db/pkg/db/mock_operation.go:498.111,500.26 2 0
github.com/aquasecurity/trivy-db/pkg/db/mock_operation.go:505.2,505.82 1 0
github.com/aquasecurity/trivy-db/pkg/db/mock_operation.go:500.26,502.3 1 0
github.com/aquasecurity/trivy-db/pkg/db/mock_operation.go:502.8,504.3 1 0
github.com/aquasecurity/trivy-db/pkg/db/mock_operation.go:508.125,509.33 1 0
github.com/aquasecurity/trivy-db/pkg/db/mock_operation.go:509.33,511.3 1 0
github.com/aquasecurity/trivy-db/pkg/db/mock_operation.go:515.109,519.82 3 0
github.com/aquasecurity/trivy-db/pkg/db/mock_operation.go:527.2,528.51 2 0
github.com/aquasecurity/trivy-db/pkg/db/mock_operation.go:534.2,534.15 1 0
github.com/aquasecurity/trivy-db/pkg/db/mock_operation.go:519.82,521.3 1 0
github.com/aquasecurity/trivy-db/pkg/db/mock_operation.go:521.8,522.24 1 0
github.com/aquasecurity/trivy-db/pkg/db/mock_operation.go:522.24,524.4 1 0
github.com/aquasecurity/trivy-db/pkg/db/mock_operation.go:528.51,530.3 1 0
github.com/aquasecurity/trivy-db/pkg/db/mock_operation.go:530.8,532.3 1 0
github.com/aquasecurity/trivy-db/pkg/db/mock_operation.go:559.89,561.23 2 0
github.com/aquasecurity/trivy-db/pkg/db/mock_operation.go:566.2,566.27 1 0
github.com/aquasecurity/trivy-db/pkg/db/mock_operation.go:571.2,571.28 1 0
github.com/aquasecurity/trivy-db/pkg/db/mock_operation.go:576.2,576.36 1 0
github.com/aquasecurity/trivy-db/pkg/db/mock_operation.go:581.2,581.29 1 0
github.com/aquasecurity/trivy-db/pkg/db/mock_operation.go:586.2,586.53 1 0
github.com/aquasecurity/trivy-db/pkg/db/mock_operation.go:561.23,563.3 1 0
github.com/aquasecurity/trivy-db/pkg/db/mock_operation.go:563.8,565.3 1 0
github.com/aquasecurity/trivy-db/pkg/db/mock_operation.go:566.27,568.3 1 0
github.com/aquasecurity/trivy-db/pkg/db/mock_operation.go:568.8,570.3 1 0
github.com/aquasecurity/trivy-db/pkg/db/mock_operation.go:571.28,573.3 1 0
github.com/aquasecurity/trivy-db/pkg/db/mock_operation.go:573.8,575.3 1 0
github.com/aquasecurity/trivy-db/pkg/db/mock_operation.go:576.36,578.3 1 0
github.com/aquasecurity/trivy-db/pkg/db/mock_operation.go:578.8,580.3 1 0
github.com/aquasecurity/trivy-db/pkg/db/mock_operation.go:581.29,583.3 1 0
github.com/aquasecurity/trivy-db/pkg/db/mock_operation.go:583.8,585.3 1 0
github.com/aquasecurity/trivy-db/pkg/db/mock_operation.go:589.103,590.33 1 0
github.com/aquasecurity/trivy-db/pkg/db/mock_operation.go:590.33,592.3 1 0
github.com/aquasecurity/trivy-db/pkg/db/mock_operation.go:596.135,600.91 3 0
github.com/aquasecurity/trivy-db/pkg/db/mock_operation.go:606.2,606.11 1 0
github.com/aquasecurity/trivy-db/pkg/db/mock_operation.go:600.91,602.3 1 0
github.com/aquasecurity/trivy-db/pkg/db/mock_operation.go:602.8,604.3 1 0
github.com/aquasecurity/trivy-db/pkg/db/mock_operation.go:631.101,633.23 2 0
github.com/aquasecurity/trivy-db/pkg/db/mock_operation.go:638.2,638.36 1 0
github.com/aquasecurity/trivy-db/pkg/db/mock_operation.go:643.2,643.27 1 0
github.com/aquasecurity/trivy-db/pkg/db/mock_operation.go:648.2,648.28 1 0
github.com/aquasecurity/trivy-db/pkg/db/mock_operation.go:653.2,653.29 1 0
github.com/aquasecurity/trivy-db/pkg/db/mock_operation.go:658.2,658.59 1 0
github.com/aquasecurity/trivy-db/pkg/db/mock_operation.go:633.23,635.3 1 0
github.com/aquasecurity/trivy-db/pkg/db/mock_operation.go:635.8,637.3 1 0
github.com/aquasecurity/trivy-db/pkg/db/mock_operation.go:638.36,640.3 1 0
github.com/aquasecurity/trivy-db/pkg/db/mock_operation.go:640.8,642.3 1 0
github.com/aquasecurity/trivy-db/pkg/db/mock_operation.go:643.27,645.3 1 0
github.com/aquasecurity/trivy-db/pkg/db/mock_operation.go:645.8,647.3 1 0
github.com/aquasecurity/trivy-db/pkg/db/mock_operation.go:648.28,650.3 1 0
github.com/aquasecurity/trivy-db/pkg/db/mock_operation.go:650.8,652.3 1 0
github.com/aquasecurity/trivy-db/pkg/db/mock_operation.go:653.29,655.3 1 0
github.com/aquasecurity/trivy-db/pkg/db/mock_operation.go:655.8,657.3 1 0
github.com/aquasecurity/trivy-db/pkg/db/mock_operation.go:661.115,662.33 1 0
github.com/aquasecurity/trivy-db/pkg/db/mock_operation.go:662.33,664.3 1 0
github.com/aquasecurity/trivy-db/pkg/db/mock_operation.go:668.141,672.91 3 0
github.com/aquasecurity/trivy-db/pkg/db/mock_operation.go:678.2,678.11 1 0
github.com/aquasecurity/trivy-db/pkg/db/mock_operation.go:672.91,674.3 1 0
github.com/aquasecurity/trivy-db/pkg/db/mock_operation.go:674.8,676.3 1 0
github.com/aquasecurity/trivy-db/pkg/db/mock_operation.go:699.89,701.23 2 0
github.com/aquasecurity/trivy-db/pkg/db/mock_operation.go:706.2,706.36 1 0
github.com/aquasecurity/trivy-db/pkg/db/mock_operation.go:711.2,711.29 1 0
github.com/aquasecurity/trivy-db/pkg/db/mock_operation.go:716.2,716.53 1 0
github.com/aquasecurity/trivy-db/pkg/db/mock_operation.go:701.23,703.3 1 0
github.com/aquasecurity/trivy-db/pkg/db/mock_operation.go:703.8,705.3 1 0
github.com/aquasecurity/trivy-db/pkg/db/mock_operation.go:706.36,708.3 1 0
github.com/aquasecurity/trivy-db/pkg/db/mock_operation.go:708.8,710.3 1 0
github.com/aquasecurity/trivy-db/pkg/db/mock_operation.go:711.29,713.3 1 0
github.com/aquasecurity/trivy-db/pkg/db/mock_operation.go:713.8,715.3 1 0
github.com/aquasecurity/trivy-db/pkg/db/mock_operation.go:719.103,720.33 1 0
github.com/aquasecurity/trivy-db/pkg/db/mock_operation.go:720.33,722.3 1 0
github.com/aquasecurity/trivy-db/pkg/db/mock_operation.go:726.107,730.78 3 0
github.com/aquasecurity/trivy-db/pkg/db/mock_operation.go:736.2,736.11 1 0
github.com/aquasecurity/trivy-db/pkg/db/mock_operation.go:730.78,732.3 1 0
github.com/aquasecurity/trivy-db/pkg/db/mock_operation.go:732.8,734.3 1 0
github.com/aquasecurity/trivy-db/pkg/db/mock_operation.go:757.99,759.23 2 0
github.com/aquasecurity/trivy-db/pkg/db/mock_operation.go:764.2,764.36 1 0
github.com/aquasecurity/trivy-db/pkg/db/mock_operation.go:769.2,769.34 1 0
github.com/aquasecurity/trivy-db/pkg/db/mock_operation.go:774.2,774.58 1 0
github.com/aquasecurity/trivy-db/pkg/db/mock_operation.go:759.23,761.3 1 0
github.com/aquasecurity/trivy-db/pkg/db/mock_operation.go:761.8,763.3 1 0
github.com/aquasecurity/trivy-db/pkg/db/mock_operation.go:764.36,766.3 1 0
github.com/aquasecurity/trivy-db/pkg/db/mock_operation.go:766.8,768.3 1 0
github.com/aquasecurity/trivy-db/pkg/db/mock_operation.go:769.34,771.3 1 0
github.com/aquasecurity/trivy-db/pkg/db/mock_operation.go:771.8,773.3 1 0
github.com/aquasecurity/trivy-db/pkg/db/mock_operation.go:777.113,778.33 1 0
github.com/aquasecurity/trivy-db/pkg/db/mock_operation.go:778.33,780.3 1 0
github.com/aquasecurity/trivy-db/pkg/db/mock_operation.go:784.122,788.83 3 0
github.com/aquasecurity/trivy-db/pkg/db/mock_operation.go:794.2,794.11 1 0
github.com/aquasecurity/trivy-db/pkg/db/mock_operation.go:788.83,790.3 1 0
github.com/aquasecurity/trivy-db/pkg/db/mock_operation.go:790.8,792.3 1 0
github.com/aquasecurity/trivy-db/pkg/db/mock_operation.go:817.111,819.23 2 0
github.com/aquasecurity/trivy-db/pkg/db/mock_operation.go:824.2,824.36 1 0
github.com/aquasecurity/trivy-db/pkg/db/mock_operation.go:829.2,829.27 1 0
github.com/aquasecurity/trivy-db/pkg/db/mock_operation.go:834.2,834.34 1 0
github.com/aquasecurity/trivy-db/pkg/db/mock_operation.go:839.2,839.64 1 0
github.com/aquasecurity/trivy-db/pkg/db/mock_operation.go:819.23,821.3 1 0
github.com/aquasecurity/trivy-db/pkg/db/mock_operation.go:821.8,823.3 1 0
github.com/aquasecurity/trivy-db/pkg/db/mock_operation.go:824.36,826.3 1 0
github.com/aquasecurity/trivy-db/pkg/db/mock_operation.go:826.8,828.3 1 0
github.com/aquasecurity/trivy-db/pkg/db/mock_operation.go:829.27,831.3 1 0
github.com/aquasecurity/trivy-db/pkg/db/mock_operation.go:831.8,833.3 1 0
github.com/aquasecurity/trivy-db/pkg/db/mock_operation.go:834.34,836.3 1 0
github.com/aquasecurity/trivy-db/pkg/db/mock_operation.go:836.8,838.3 1 0
github.com/aquasecurity/trivy-db/pkg/db/mock_operation.go:842.125,843.33 1 0
github.com/aquasecurity/trivy-db/pkg/db/mock_operation.go:843.33,845.3 1 0
github.com/aquasecurity/trivy-db/pkg/db/mock_operation.go:849.149,853.97 3 0
github.com/aquasecurity/trivy-db/pkg/db/mock_operation.go:859.2,859.11 1 0
github.com/aquasecurity/trivy-db/pkg/db/mock_operation.go:853.97,855.3 1 0
github.com/aquasecurity/trivy-db/pkg/db/mock_operation.go:855.8,857.3 1 0
github.com/aquasecurity/trivy-db/pkg/db/severity.go:13.89,15.16 2 0
github.com/aquasecurity/trivy-db/pkg/db/severity.go:18.2,18.61 1 0
github.com/aquasecurity/trivy-db/pkg/db/severity.go:15.16,17.3 1 0
github.com/aquasecurity/trivy-db/pkg/db/severity.go:21.82,22.40 1 0
github.com/aquasecurity/trivy-db/pkg/db/severity.go:31.2,31.16 1 0
github.com/aquasecurity/trivy-db/pkg/db/severity.go:34.2,34.22 1 0
github.com/aquasecurity/trivy-db/pkg/db/severity.go:22.40,26.17 4 0
github.com/aquasecurity/trivy-db/pkg/db/severity.go:29.3,29.13 1 0
github.com/aquasecurity/trivy-db/pkg/db/severity.go:26.17,28.4 1 0
github.com/aquasecurity/trivy-db/pkg/db/severity.go:31.16,33.3 1 0
github.com/aquasecurity/trivy-db/pkg/db/severity.go:37.107,38.42 1 0
github.com/aquasecurity/trivy-db/pkg/db/severity.go:58.2,58.12 1 0
github.com/aquasecurity/trivy-db/pkg/db/severity.go:38.42,40.17 2 0
github.com/aquasecurity/trivy-db/pkg/db/severity.go:43.3,43.52 1 0
github.com/aquasecurity/trivy-db/pkg/db/severity.go:53.3,53.17 1 0
github.com/aquasecurity/trivy-db/pkg/db/severity.go:56.3,56.13 1 0
github.com/aquasecurity/trivy-db/pkg/db/severity.go:40.17,42.4 1 0
github.com/aquasecurity/trivy-db/pkg/db/severity.go:43.52,45.18 2 0
github.com/aquasecurity/trivy-db/pkg/db/severity.go:48.4,48.56 1 0
github.com/aquasecurity/trivy-db/pkg/db/severity.go:51.4,51.14 1 0
github.com/aquasecurity/trivy-db/pkg/db/severity.go:45.18,47.5 1 0
github.com/aquasecurity/trivy-db/pkg/db/severity.go:48.56,50.5 1 0
github.com/aquasecurity/trivy-db/pkg/db/severity.go:53.17,55.4 1 0
github.com/aquasecurity/trivy-db/pkg/db/severity.go:61.48,63.2 1 0
github.com/aquasecurity/trivy-db/pkg/db/vulnerability.go:16.95,18.16 2 0
github.com/aquasecurity/trivy-db/pkg/db/vulnerability.go:21.2,22.16 2 0
github.com/aquasecurity/trivy-db/pkg/db/vulnerability.go:25.2,25.37 1 0
github.com/aquasecurity/trivy-db/pkg/db/vulnerability.go:18.16,20.3 1 0
github.com/aquasecurity/trivy-db/pkg/db/vulnerability.go:22.16,24.3 1 0
github.com/aquasecurity/trivy-db/pkg/db/vulnerability.go:28.88,29.40 1 0
github.com/aquasecurity/trivy-db/pkg/db/vulnerability.go:37.2,37.16 1 0
github.com/aquasecurity/trivy-db/pkg/db/vulnerability.go:40.2,40.18 1 0
github.com/aquasecurity/trivy-db/pkg/db/vulnerability.go:29.40,32.53 3 0
github.com/aquasecurity/trivy-db/pkg/db/vulnerability.go:35.3,35.13 1 0
github.com/aquasecurity/trivy-db/pkg/db/vulnerability.go:32.53,34.4 1 0
github.com/aquasecurity/trivy-db/pkg/db/vulnerability.go:37.16,39.3 1 0
github.com/aquasecurity/trivy-db/pkg/db/vulnerability_detail.go:16.115,18.16 2 0
github.com/aquasecurity/trivy-db/pkg/db/vulnerability_detail.go:21.2,21.43 1 0
github.com/aquasecurity/trivy-db/pkg/db/vulnerability_detail.go:18.16,20.3 1 0
github.com/aquasecurity/trivy-db/pkg/db/vulnerability_detail.go:29.102,31.16 2 1
github.com/aquasecurity/trivy-db/pkg/db/vulnerability_detail.go:34.2,34.22 1 1
github.com/aquasecurity/trivy-db/pkg/db/vulnerability_detail.go:38.2,39.36 2 1
github.com/aquasecurity/trivy-db/pkg/db/vulnerability_detail.go:46.2,46.19 1 1
github.com/aquasecurity/trivy-db/pkg/db/vulnerability_detail.go:31.16,33.3 1 0
github.com/aquasecurity/trivy-db/pkg/db/vulnerability_detail.go:34.22,36.3 1 0
github.com/aquasecurity/trivy-db/pkg/db/vulnerability_detail.go:39.36,41.53 2 2
github.com/aquasecurity/trivy-db/pkg/db/vulnerability_detail.go:44.3,44.23 1 2
github.com/aquasecurity/trivy-db/pkg/db/vulnerability_detail.go:41.53,43.4 1 0
github.com/aquasecurity/trivy-db/pkg/db/vulnerability_detail.go:49.59,51.2 1 0
github.com/aquasecurity/trivy-db/pkg/vulnsrc/nvd/nvd.go:29.27,33.2 1 2
github.com/aquasecurity/trivy-db/pkg/vulnsrc/nvd/nvd.go:35.44,40.67 4 2
github.com/aquasecurity/trivy-db/pkg/vulnsrc/nvd/nvd.go:52.2,52.16 1 2
github.com/aquasecurity/trivy-db/pkg/vulnsrc/nvd/nvd.go:56.2,56.38 1 1
github.com/aquasecurity/trivy-db/pkg/vulnsrc/nvd/nvd.go:60.2,60.12 1 1
github.com/aquasecurity/trivy-db/pkg/vulnsrc/nvd/nvd.go:40.67,42.47 2 1
github.com/aquasecurity/trivy-db/pkg/vulnsrc/nvd/nvd.go:45.3,45.63 1 1
github.com/aquasecurity/trivy-db/pkg/vulnsrc/nvd/nvd.go:48.3,50.13 3 1
github.com/aquasecurity/trivy-db/pkg/vulnsrc/nvd/nvd.go:42.47,44.4 1 0
github.com/aquasecurity/trivy-db/pkg/vulnsrc/nvd/nvd.go:45.63,47.4 1 0
github.com/aquasecurity/trivy-db/pkg/vulnsrc/nvd/nvd.go:52.16,54.3 1 1
github.com/aquasecurity/trivy-db/pkg/vulnsrc/nvd/nvd.go:56.38,58.3 1 0
github.com/aquasecurity/trivy-db/pkg/vulnsrc/nvd/nvd.go:63.59,64.29 1 3
github.com/aquasecurity/trivy-db/pkg/vulnsrc/nvd/nvd.go:115.2,115.12 1 3
github.com/aquasecurity/trivy-db/pkg/vulnsrc/nvd/nvd.go:64.29,70.61 5 3
github.com/aquasecurity/trivy-db/pkg/vulnsrc/nvd/nvd.go:74.3,77.62 2 3
github.com/aquasecurity/trivy-db/pkg/vulnsrc/nvd/nvd.go:83.3,84.61 2 3
github.com/aquasecurity/trivy-db/pkg/vulnsrc/nvd/nvd.go:93.3,111.91 4 3
github.com/aquasecurity/trivy-db/pkg/vulnsrc/nvd/nvd.go:70.61,72.4 1 3
github.com/aquasecurity/trivy-db/pkg/vulnsrc/nvd/nvd.go:77.62,78.21 1 3
github.com/aquasecurity/trivy-db/pkg/vulnsrc/nvd/nvd.go:78.21,80.10 2 3
github.com/aquasecurity/trivy-db/pkg/vulnsrc/nvd/nvd.go:84.61,85.42 1 1
github.com/aquasecurity/trivy-db/pkg/vulnsrc/nvd/nvd.go:85.42,86.46 1 2
github.com/aquasecurity/trivy-db/pkg/vulnsrc/nvd/nvd.go:89.5,89.40 1 1
github.com/aquasecurity/trivy-db/pkg/vulnsrc/nvd/nvd.go:86.46,87.14 1 1
github.com/aquasecurity/trivy-db/pkg/vulnsrc/nvd/nvd.go:111.91,113.4 1 0
github.com/aquasecurity/trivy-db/pkg/vulnsrc/nvd/nvd.go:118.44,120.52 2 1
github.com/aquasecurity/trivy-db/pkg/vulnsrc/nvd/nvd.go:123.2,123.16 1 1
github.com/aquasecurity/trivy-db/pkg/vulnsrc/nvd/nvd.go:126.2,126.12 1 1
github.com/aquasecurity/trivy-db/pkg/vulnsrc/nvd/nvd.go:120.52,122.3 1 1
github.com/aquasecurity/trivy-db/pkg/vulnsrc/nvd/nvd.go:123.16,125.3 1 0
github.com/aquasecurity/trivy-db/pkg/app.go:19.54,69.2 7 3
github.com/aquasecurity/trivy-db/pkg/build.go:11.34,13.42 2 0
github.com/aquasecurity/trivy-db/pkg/build.go:17.2,22.68 5 0
github.com/aquasecurity/trivy-db/pkg/build.go:26.2,26.12 1 0
github.com/aquasecurity/trivy-db/pkg/build.go:13.42,15.3 1 0
github.com/aquasecurity/trivy-db/pkg/build.go:22.68,24.3 1 0
github.com/aquasecurity/trivy-db/pkg/upload.go:14.50,17.16 3 3
github.com/aquasecurity/trivy-db/pkg/upload.go:22.2,23.26 2 2
github.com/aquasecurity/trivy-db/pkg/upload.go:31.2,32.70 2 2
github.com/aquasecurity/trivy-db/pkg/upload.go:35.2,35.12 1 1
github.com/aquasecurity/trivy-db/pkg/upload.go:17.16,19.3 1 1
github.com/aquasecurity/trivy-db/pkg/upload.go:23.26,24.101 1 30
github.com/aquasecurity/trivy-db/pkg/upload.go:27.3,28.38 2 20
github.com/aquasecurity/trivy-db/pkg/upload.go:24.101,25.12 1 10
github.com/aquasecurity/trivy-db/pkg/upload.go:32.70,34.3 1 1
github.com/aquasecurity/trivy-db/pkg/vulnsrc/oracle-oval/oracle-oval.go:32.27,36.2 1 0
github.com/aquasecurity/trivy-db/pkg/vulnsrc/oracle-oval/oracle-oval.go:38.44,42.70 3 3
github.com/aquasecurity/trivy-db/pkg/vulnsrc/oracle-oval/oracle-oval.go:50.2,50.16 1 3
github.com/aquasecurity/trivy-db/pkg/vulnsrc/oracle-oval/oracle-oval.go:54.2,54.38 1 2
github.com/aquasecurity/trivy-db/pkg/vulnsrc/oracle-oval/oracle-oval.go:58.2,58.12 1 1
github.com/aquasecurity/trivy-db/pkg/vulnsrc/oracle-oval/oracle-oval.go:42.70,44.58 2 2
github.com/aquasecurity/trivy-db/pkg/vulnsrc/oracle-oval/oracle-oval.go:47.3,48.13 2 2
github.com/aquasecurity/trivy-db/pkg/vulnsrc/oracle-oval/oracle-oval.go:44.58,46.4 1 0
github.com/aquasecurity/trivy-db/pkg/vulnsrc/oracle-oval/oracle-oval.go:50.16,52.3 1 1
github.com/aquasecurity/trivy-db/pkg/vulnsrc/oracle-oval/oracle-oval.go:54.38,56.3 1 1
github.com/aquasecurity/trivy-db/pkg/vulnsrc/oracle-oval/oracle-oval.go:61.50,64.52 2 2
github.com/aquasecurity/trivy-db/pkg/vulnsrc/oracle-oval/oracle-oval.go:67.2,67.16 1 2
github.com/aquasecurity/trivy-db/pkg/vulnsrc/oracle-oval/oracle-oval.go:71.2,71.12 1 1
github.com/aquasecurity/trivy-db/pkg/vulnsrc/oracle-oval/oracle-oval.go:64.52,66.3 1 0
github.com/aquasecurity/trivy-db/pkg/vulnsrc/oracle-oval/oracle-oval.go:67.16,69.3 1 1
github.com/aquasecurity/trivy-db/pkg/vulnsrc/oracle-oval/oracle-oval.go:75.65,76.29 1 8
github.com/aquasecurity/trivy-db/pkg/vulnsrc/oracle-oval/oracle-oval.go:132.2,132.12 1 8
github.com/aquasecurity/trivy-db/pkg/vulnsrc/oracle-oval/oracle-oval.go:76.29,80.33 3 8
github.com/aquasecurity/trivy-db/pkg/vulnsrc/oracle-oval/oracle-oval.go:83.3,83.24 1 8
github.com/aquasecurity/trivy-db/pkg/vulnsrc/oracle-oval/oracle-oval.go:87.3,88.44 2 8
github.com/aquasecurity/trivy-db/pkg/vulnsrc/oracle-oval/oracle-oval.go:109.3,110.39 2 8
[...]
github.com/aquasecurity/trivy-db/pkg/vulnsrc/redhat-oval/redhat-oval.go:79.29,81.3 1 4
github.com/aquasecurity/trivy-db/pkg/vulnsrc/redhat-oval/redhat-oval.go:82.34,84.3 1 6
github.com/aquasecurity/trivy-db/pkg/vulnsrc/redhat-oval/redhat-oval.go:88.55,90.52 2 2
github.com/aquasecurity/trivy-db/pkg/vulnsrc/redhat-oval/redhat-oval.go:93.2,93.16 1 2
github.com/aquasecurity/trivy-db/pkg/vulnsrc/redhat-oval/redhat-oval.go:96.2,96.12 1 1
github.com/aquasecurity/trivy-db/pkg/vulnsrc/redhat-oval/redhat-oval.go:90.52,92.3 1 0
github.com/aquasecurity/trivy-db/pkg/vulnsrc/redhat-oval/redhat-oval.go:93.16,95.3 1 1
github.com/aquasecurity/trivy-db/pkg/vulnsrc/redhat-oval/redhat-oval.go:99.70,100.38 1 4
github.com/aquasecurity/trivy-db/pkg/vulnsrc/redhat-oval/redhat-oval.go:119.2,119.12 1 3
github.com/aquasecurity/trivy-db/pkg/vulnsrc/redhat-oval/redhat-oval.go:100.38,102.26 2 4
github.com/aquasecurity/trivy-db/pkg/vulnsrc/redhat-oval/redhat-oval.go:106.3,108.44 3 2
github.com/aquasecurity/trivy-db/pkg/vulnsrc/redhat-oval/redhat-oval.go:102.26,104.12 2 2
github.com/aquasecurity/trivy-db/pkg/vulnsrc/redhat-oval/redhat-oval.go:108.44,109.47 1 3
github.com/aquasecurity/trivy-db/pkg/vulnsrc/redhat-oval/redhat-oval.go:109.47,113.109 2 5
github.com/aquasecurity/trivy-db/pkg/vulnsrc/redhat-oval/redhat-oval.go:113.109,115.6 1 1
github.com/aquasecurity/trivy-db/pkg/vulnsrc/redhat-oval/redhat-oval.go:122.81,125.16 3 2
github.com/aquasecurity/trivy-db/pkg/vulnsrc/redhat-oval/redhat-oval.go:128.2,128.24 1 1
github.com/aquasecurity/trivy-db/pkg/vulnsrc/redhat-oval/redhat-oval.go:125.16,127.3 1 1
github.com/aquasecurity/trivy-db/pkg/vulnsrc/redhat-oval/redhat-oval.go:131.66,133.40 2 4
github.com/aquasecurity/trivy-db/pkg/vulnsrc/redhat-oval/redhat-oval.go:146.2,146.18 1 4
github.com/aquasecurity/trivy-db/pkg/vulnsrc/redhat-oval/redhat-oval.go:133.40,134.47 1 4
github.com/aquasecurity/trivy-db/pkg/vulnsrc/redhat-oval/redhat-oval.go:134.47,136.22 2 4
github.com/aquasecurity/trivy-db/pkg/vulnsrc/redhat-oval/redhat-oval.go:139.4,140.61 2 3
github.com/aquasecurity/trivy-db/pkg/vulnsrc/redhat-oval/redhat-oval.go:143.4,143.47 1 2
github.com/aquasecurity/trivy-db/pkg/vulnsrc/redhat-oval/redhat-oval.go:136.22,137.13 1 1
github.com/aquasecurity/trivy-db/pkg/vulnsrc/redhat-oval/redhat-oval.go:140.61,141.13 1 1
github.com/aquasecurity/trivy-db/pkg/vulnsrc/suse-cvrf/suse-cvrf.go:43.44,48.2 1 0
github.com/aquasecurity/trivy-db/pkg/vulnsrc/suse-cvrf/suse-cvrf.go:50.44,54.17 3 4
github.com/aquasecurity/trivy-db/pkg/vulnsrc/suse-cvrf/suse-cvrf.go:63.2,64.70 2 4
github.com/aquasecurity/trivy-db/pkg/vulnsrc/suse-cvrf/suse-cvrf.go:72.2,72.16 1 4
github.com/aquasecurity/trivy-db/pkg/vulnsrc/suse-cvrf/suse-cvrf.go:76.2,76.38 1 3
github.com/aquasecurity/trivy-db/pkg/vulnsrc/suse-cvrf/suse-cvrf.go:80.2,80.12 1 2
github.com/aquasecurity/trivy-db/pkg/vulnsrc/suse-cvrf/suse-cvrf.go:55.27,56.43 1 4
github.com/aquasecurity/trivy-db/pkg/vulnsrc/suse-cvrf/suse-cvrf.go:57.16,58.47 1 0
github.com/aquasecurity/trivy-db/pkg/vulnsrc/suse-cvrf/suse-cvrf.go:59.10,60.45 1 0
github.com/aquasecurity/trivy-db/pkg/vulnsrc/suse-cvrf/suse-cvrf.go:64.70,66.58 2 3
github.com/aquasecurity/trivy-db/pkg/vulnsrc/suse-cvrf/suse-cvrf.go:69.3,70.13 2 3
github.com/aquasecurity/trivy-db/pkg/vulnsrc/suse-cvrf/suse-cvrf.go:66.58,68.4 1 0
github.com/aquasecurity/trivy-db/pkg/vulnsrc/suse-cvrf/suse-cvrf.go:72.16,74.3 1 1
github.com/aquasecurity/trivy-db/pkg/vulnsrc/suse-cvrf/suse-cvrf.go:76.38,78.3 1 1
github.com/aquasecurity/trivy-db/pkg/vulnsrc/suse-cvrf/suse-cvrf.go:83.48,84.52 1 3
github.com/aquasecurity/trivy-db/pkg/vulnsrc/suse-cvrf/suse-cvrf.go:87.2,87.16 1 3
github.com/aquasecurity/trivy-db/pkg/vulnsrc/suse-cvrf/suse-cvrf.go:90.2,90.12 1 2
github.com/aquasecurity/trivy-db/pkg/vulnsrc/suse-cvrf/suse-cvrf.go:84.52,86.3 1 0
github.com/aquasecurity/trivy-db/pkg/vulnsrc/suse-cvrf/suse-cvrf.go:87.16,89.3 1 1
github.com/aquasecurity/trivy-db/pkg/vulnsrc/suse-cvrf/suse-cvrf.go:93.63,94.29 1 6
github.com/aquasecurity/trivy-db/pkg/vulnsrc/suse-cvrf/suse-cvrf.go:141.2,141.12 1 3
github.com/aquasecurity/trivy-db/pkg/vulnsrc/suse-cvrf/suse-cvrf.go:94.29,96.29 2 6
github.com/aquasecurity/trivy-db/pkg/vulnsrc/suse-cvrf/suse-cvrf.go:100.3,100.44 1 6
github.com/aquasecurity/trivy-db/pkg/vulnsrc/suse-cvrf/suse-cvrf.go:110.3,111.39 2 5
github.com/aquasecurity/trivy-db/pkg/vulnsrc/suse-cvrf/suse-cvrf.go:115.3,116.46 2 5
github.com/aquasecurity/trivy-db/pkg/vulnsrc/suse-cvrf/suse-cvrf.go:125.3,132.107 2 5
github.com/aquasecurity/trivy-db/pkg/vulnsrc/suse-cvrf/suse-cvrf.go:137.3,137.89 1 4
github.com/aquasecurity/trivy-db/pkg/vulnsrc/suse-cvrf/suse-cvrf.go:96.29,97.12 1 0
github.com/aquasecurity/trivy-db/pkg/vulnsrc/suse-cvrf/suse-cvrf.go:100.44,105.128 2 8
github.com/aquasecurity/trivy-db/pkg/vulnsrc/suse-cvrf/suse-cvrf.go:105.128,107.5 1 1
github.com/aquasecurity/trivy-db/pkg/vulnsrc/suse-cvrf/suse-cvrf.go:111.39,113.4 1 6
github.com/aquasecurity/trivy-db/pkg/vulnsrc/suse-cvrf/suse-cvrf.go:116.46,117.41 1 11
github.com/aquasecurity/trivy-db/pkg/vulnsrc/suse-cvrf/suse-cvrf.go:117.41,119.23 2 11
github.com/aquasecurity/trivy-db/pkg/vulnsrc/suse-cvrf/suse-cvrf.go:119.23,121.6 1 5
github.com/aquasecurity/trivy-db/pkg/vulnsrc/suse-cvrf/suse-cvrf.go:132.107,134.4 1 1
github.com/aquasecurity/trivy-db/pkg/vulnsrc/suse-cvrf/suse-cvrf.go:137.89,139.4 1 1
github.com/aquasecurity/trivy-db/pkg/vulnsrc/suse-cvrf/suse-cvrf.go:144.74,146.45 2 6
github.com/aquasecurity/trivy-db/pkg/vulnsrc/suse-cvrf/suse-cvrf.go:164.2,164.13 1 6
github.com/aquasecurity/trivy-db/pkg/vulnsrc/suse-cvrf/suse-cvrf.go:146.45,148.18 2 8
github.com/aquasecurity/trivy-db/pkg/vulnsrc/suse-cvrf/suse-cvrf.go:152.3,153.17 2 8
github.com/aquasecurity/trivy-db/pkg/vulnsrc/suse-cvrf/suse-cvrf.go:158.3,161.5 1 8
github.com/aquasecurity/trivy-db/pkg/vulnsrc/suse-cvrf/suse-cvrf.go:148.18,149.12 1 0
github.com/aquasecurity/trivy-db/pkg/vulnsrc/suse-cvrf/suse-cvrf.go:153.17,155.12 2 0
github.com/aquasecurity/trivy-db/pkg/vulnsrc/suse-cvrf/suse-cvrf.go:167.47,168.52 1 79
github.com/aquasecurity/trivy-db/pkg/vulnsrc/suse-cvrf/suse-cvrf.go:172.2,172.54 1 78
github.com/aquasecurity/trivy-db/pkg/vulnsrc/suse-cvrf/suse-cvrf.go:185.2,185.61 1 71
github.com/aquasecurity/trivy-db/pkg/vulnsrc/suse-cvrf/suse-cvrf.go:212.2,212.11 1 16
github.com/aquasecurity/trivy-db/pkg/vulnsrc/suse-cvrf/suse-cvrf.go:168.52,171.3 1 1
github.com/aquasecurity/trivy-db/pkg/vulnsrc/suse-cvrf/suse-cvrf.go:172.54,175.18 2 7
github.com/aquasecurity/trivy-db/pkg/vulnsrc/suse-cvrf/suse-cvrf.go:179.3,179.54 1 7
github.com/aquasecurity/trivy-db/pkg/vulnsrc/suse-cvrf/suse-cvrf.go:183.3,183.52 1 6
github.com/aquasecurity/trivy-db/pkg/vulnsrc/suse-cvrf/suse-cvrf.go:175.18,178.4 2 0
github.com/aquasecurity/trivy-db/pkg/vulnsrc/suse-cvrf/suse-cvrf.go:179.54,182.4 2 1
github.com/aquasecurity/trivy-db/pkg/vulnsrc/suse-cvrf/suse-cvrf.go:185.61,188.75 2 55
github.com/aquasecurity/trivy-db/pkg/vulnsrc/suse-cvrf/suse-cvrf.go:188.75,195.18 4 34
github.com/aquasecurity/trivy-db/pkg/vulnsrc/suse-cvrf/suse-cvrf.go:199.4,200.54 2 34
github.com/aquasecurity/trivy-db/pkg/vulnsrc/suse-cvrf/suse-cvrf.go:195.18,198.5 2 0
github.com/aquasecurity/trivy-db/pkg/vulnsrc/suse-cvrf/suse-cvrf.go:201.9,204.53 2 21
github.com/aquasecurity/trivy-db/pkg/vulnsrc/suse-cvrf/suse-cvrf.go:208.4,208.52 1 21
github.com/aquasecurity/trivy-db/pkg/vulnsrc/suse-cvrf/suse-cvrf.go:204.53,207.5 2 0
github.com/aquasecurity/trivy-db/pkg/vulnsrc/suse-cvrf/suse-cvrf.go:215.45,216.26 1 5
github.com/aquasecurity/trivy-db/pkg/vulnsrc/suse-cvrf/suse-cvrf.go:221.2,221.11 1 3
github.com/aquasecurity/trivy-db/pkg/vulnsrc/suse-cvrf/suse-cvrf.go:216.26,217.50 1 4
github.com/aquasecurity/trivy-db/pkg/vulnsrc/suse-cvrf/suse-cvrf.go:217.50,219.4 1 2
github.com/aquasecurity/trivy-db/pkg/vulnsrc/suse-cvrf/suse-cvrf.go:224.42,230.2 2 8
github.com/aquasecurity/trivy-db/pkg/vulnsrc/suse-cvrf/suse-cvrf.go:233.52,238.17 3 8
github.com/aquasecurity/trivy-db/pkg/vulnsrc/suse-cvrf/suse-cvrf.go:241.2,246.17 4 8
github.com/aquasecurity/trivy-db/pkg/vulnsrc/suse-cvrf/suse-cvrf.go:249.2,252.25 3 8
github.com/aquasecurity/trivy-db/pkg/vulnsrc/suse-cvrf/suse-cvrf.go:238.17,240.3 1 0
github.com/aquasecurity/trivy-db/pkg/vulnsrc/suse-cvrf/suse-cvrf.go:246.17,248.3 1 0
github.com/aquasecurity/trivy-db/pkg/vulnsrc/suse-cvrf/suse-cvrf.go:255.81,257.17 2 2
github.com/aquasecurity/trivy-db/pkg/vulnsrc/suse-cvrf/suse-cvrf.go:266.2,267.16 2 2
github.com/aquasecurity/trivy-db/pkg/vulnsrc/suse-cvrf/suse-cvrf.go:270.2,270.24 1 1
github.com/aquasecurity/trivy-db/pkg/vulnsrc/suse-cvrf/suse-cvrf.go:258.27,259.57 1 1
github.com/aquasecurity/trivy-db/pkg/vulnsrc/suse-cvrf/suse-cvrf.go:260.16,261.56 1 1
github.com/aquasecurity/trivy-db/pkg/vulnsrc/suse-cvrf/suse-cvrf.go:262.10,263.50 1 0
github.com/aquasecurity/trivy-db/pkg/vulnsrc/suse-cvrf/suse-cvrf.go:267.16,269.3 1 1
github.com/aquasecurity/trivy-db/pkg/vulnsrc/suse-cvrf/suse-cvrf.go:273.52,274.13 1 17
github.com/aquasecurity/trivy-db/pkg/vulnsrc/suse-cvrf/suse-cvrf.go:284.2,284.30 1 2
github.com/aquasecurity/trivy-db/pkg/vulnsrc/suse-cvrf/suse-cvrf.go:275.13,276.27 1 2
github.com/aquasecurity/trivy-db/pkg/vulnsrc/suse-cvrf/suse-cvrf.go:277.18,278.30 1 8
github.com/aquasecurity/trivy-db/pkg/vulnsrc/suse-cvrf/suse-cvrf.go:279.19,280.28 1 4
github.com/aquasecurity/trivy-db/pkg/vulnsrc/suse-cvrf/suse-cvrf.go:281.18,282.32 1 1
github.com/aquasecurity/trivy-db/pkg/vulnsrc/vulnerability/vulnerability.go:29.42,31.2 1 9
github.com/aquasecurity/trivy-db/pkg/vulnsrc/vulnerability/vulnerability.go:33.87,35.16 2 3
github.com/aquasecurity/trivy-db/pkg/vulnsrc/vulnerability/vulnerability.go:41.2,41.16 1 1
github.com/aquasecurity/trivy-db/pkg/vulnsrc/vulnerability/vulnerability.go:35.16,38.3 2 1
github.com/aquasecurity/trivy-db/pkg/vulnsrc/vulnerability/vulnerability.go:38.8,38.30 1 2
github.com/aquasecurity/trivy-db/pkg/vulnsrc/vulnerability/vulnerability.go:38.30,40.3 1 1
github.com/aquasecurity/trivy-db/pkg/vulnsrc/vulnerability/vulnerability.go:44.84,46.2 1 2
github.com/aquasecurity/trivy-db/pkg/vulnsrc/vulnerability/vulnerability.go:48.98,60.2 1 4
github.com/aquasecurity/trivy-db/pkg/vulnsrc/vulnerability/vulnerability.go:62.77,65.16 2 0
github.com/aquasecurity/trivy-db/pkg/vulnsrc/vulnerability/vulnerability.go:70.2,70.38 1 0
github.com/aquasecurity/trivy-db/pkg/vulnsrc/vulnerability/vulnerability.go:75.2,75.12 1 0
github.com/aquasecurity/trivy-db/pkg/vulnsrc/vulnerability/vulnerability.go:65.16,67.3 1 0
github.com/aquasecurity/trivy-db/pkg/vulnsrc/vulnerability/vulnerability.go:70.38,71.122 1 0
github.com/aquasecurity/trivy-db/pkg/vulnsrc/vulnerability/vulnerability.go:71.122,73.4 1 0
github.com/aquasecurity/trivy-db/pkg/vulnsrc/vulnerability/vulnerability.go:78.77,80.38 2 4
github.com/aquasecurity/trivy-db/pkg/vulnsrc/vulnerability/vulnerability.go:91.2,91.11 1 4
github.com/aquasecurity/trivy-db/pkg/vulnsrc/vulnerability/vulnerability.go:80.38,81.115 1 12
github.com/aquasecurity/trivy-db/pkg/vulnsrc/vulnerability/vulnerability.go:84.3,89.4 1 4
github.com/aquasecurity/trivy-db/pkg/vulnsrc/vulnerability/vulnerability.go:81.115,82.12 1 8
github.com/aquasecurity/trivy-db/pkg/vulnsrc/vulnerability/vulnerability.go:94.91,96.38 2 4
github.com/aquasecurity/trivy-db/pkg/vulnsrc/vulnerability/vulnerability.go:108.2,108.11 1 4
github.com/aquasecurity/trivy-db/pkg/vulnsrc/vulnerability/vulnerability.go:96.38,97.10 1 12
github.com/aquasecurity/trivy-db/pkg/vulnsrc/vulnerability/vulnerability.go:98.51,99.34 1 6
github.com/aquasecurity/trivy-db/pkg/vulnsrc/vulnerability/vulnerability.go:100.49,101.32 1 0
github.com/aquasecurity/trivy-db/pkg/vulnsrc/vulnerability/vulnerability.go:102.31,103.52 1 1
github.com/aquasecurity/trivy-db/pkg/vulnsrc/vulnerability/vulnerability.go:104.29,105.50 1 2
github.com/aquasecurity/trivy-db/pkg/vulnsrc/vulnerability/vulnerability.go:111.79,112.33 1 4
github.com/aquasecurity/trivy-db/pkg/vulnsrc/vulnerability/vulnerability.go:126.2,126.30 1 0
github.com/aquasecurity/trivy-db/pkg/vulnsrc/vulnerability/vulnerability.go:112.33,113.36 1 10
github.com/aquasecurity/trivy-db/pkg/vulnsrc/vulnerability/vulnerability.go:114.12,115.12 1 5
github.com/aquasecurity/trivy-db/pkg/vulnsrc/vulnerability/vulnerability.go:116.26,117.41 1 3
github.com/aquasecurity/trivy-db/pkg/vulnsrc/vulnerability/vulnerability.go:118.24,119.39 1 0
github.com/aquasecurity/trivy-db/pkg/vulnsrc/vulnerability/vulnerability.go:120.26,121.23 1 1
github.com/aquasecurity/trivy-db/pkg/vulnsrc/vulnerability/vulnerability.go:122.24,123.21 1 0
github.com/aquasecurity/trivy-db/pkg/vulnsrc/vulnerability/vulnerability.go:129.68,130.33 1 4
github.com/aquasecurity/trivy-db/pkg/vulnsrc/vulnerability/vulnerability.go:139.2,139.11 1 0
github.com/aquasecurity/trivy-db/pkg/vulnsrc/vulnerability/vulnerability.go:130.33,132.10 2 8
github.com/aquasecurity/trivy-db/pkg/vulnsrc/vulnerability/vulnerability.go:135.3,135.20 1 5
github.com/aquasecurity/trivy-db/pkg/vulnsrc/vulnerability/vulnerability.go:132.10,133.12 1 3
github.com/aquasecurity/trivy-db/pkg/vulnsrc/vulnerability/vulnerability.go:135.20,137.4 1 4
github.com/aquasecurity/trivy-db/pkg/vulnsrc/vulnerability/vulnerability.go:142.74,143.33 1 4
github.com/aquasecurity/trivy-db/pkg/vulnsrc/vulnerability/vulnerability.go:152.2,152.11 1 0
github.com/aquasecurity/trivy-db/pkg/vulnsrc/vulnerability/vulnerability.go:143.33,145.10 2 8
github.com/aquasecurity/trivy-db/pkg/vulnsrc/vulnerability/vulnerability.go:148.3,148.26 1 5
github.com/aquasecurity/trivy-db/pkg/vulnsrc/vulnerability/vulnerability.go:145.10,146.12 1 3
github.com/aquasecurity/trivy-db/pkg/vulnsrc/vulnerability/vulnerability.go:148.26,150.4 1 4
github.com/aquasecurity/trivy-db/pkg/vulnsrc/vulnerability/vulnerability.go:155.71,156.33 1 4
github.com/aquasecurity/trivy-db/pkg/vulnsrc/vulnerability/vulnerability.go:165.2,165.12 1 3
github.com/aquasecurity/trivy-db/pkg/vulnsrc/vulnerability/vulnerability.go:156.33,158.10 2 64
github.com/aquasecurity/trivy-db/pkg/vulnsrc/vulnerability/vulnerability.go:161.3,161.25 1 11
github.com/aquasecurity/trivy-db/pkg/vulnsrc/vulnerability/vulnerability.go:158.10,159.12 1 53
github.com/aquasecurity/trivy-db/pkg/vulnsrc/vulnerability/vulnerability.go:161.25,163.4 1 1
github.com/aquasecurity/trivy-db/pkg/vulnsrc/vulnerability/vulnerability.go:168.75,170.33 2 4
github.com/aquasecurity/trivy-db/pkg/vulnsrc/vulnerability/vulnerability.go:187.2,188.30 2 4
github.com/aquasecurity/trivy-db/pkg/vulnsrc/vulnerability/vulnerability.go:191.2,191.39 1 4
github.com/aquasecurity/trivy-db/pkg/vulnsrc/vulnerability/vulnerability.go:194.2,194.13 1 4
github.com/aquasecurity/trivy-db/pkg/vulnsrc/vulnerability/vulnerability.go:170.33,172.23 1 84
github.com/aquasecurity/trivy-db/pkg/vulnsrc/vulnerability/vulnerability.go:175.3,176.10 2 80
github.com/aquasecurity/trivy-db/pkg/vulnsrc/vulnerability/vulnerability.go:179.3,179.36 1 12
github.com/aquasecurity/trivy-db/pkg/vulnsrc/vulnerability/vulnerability.go:172.23,173.12 1 4
github.com/aquasecurity/trivy-db/pkg/vulnsrc/vulnerability/vulnerability.go:176.10,177.12 1 68
github.com/aquasecurity/trivy-db/pkg/vulnsrc/vulnerability/vulnerability.go:179.36,182.47 2 2
github.com/aquasecurity/trivy-db/pkg/vulnsrc/vulnerability/vulnerability.go:182.47,184.5 1 2
github.com/aquasecurity/trivy-db/pkg/vulnsrc/vulnerability/vulnerability.go:188.30,190.3 1 2
github.com/aquasecurity/trivy-db/pkg/vulnsrc/vulnerability/vulnerability.go:191.39,193.3 1 0
github.com/aquasecurity/trivy-db/pkg/vulnsrc/vulnerability/vulnerability.go:197.75,198.33 1 2
github.com/aquasecurity/trivy-db/pkg/vulnsrc/vulnerability/vulnerability.go:207.2,207.14 1 1
github.com/aquasecurity/trivy-db/pkg/vulnsrc/vulnerability/vulnerability.go:198.33,200.10 2 22
github.com/aquasecurity/trivy-db/pkg/vulnsrc/vulnerability/vulnerability.go:203.3,203.59 1 3
github.com/aquasecurity/trivy-db/pkg/vulnsrc/vulnerability/vulnerability.go:200.10,201.12 1 19
github.com/aquasecurity/trivy-db/pkg/vulnsrc/vulnerability/vulnerability.go:203.59,205.4 1 1
github.com/aquasecurity/trivy-db/pkg/vulnsrc/vulnerability/vulnerability.go:210.52,211.9 1 6
github.com/aquasecurity/trivy-db/pkg/vulnsrc/vulnerability/vulnerability.go:212.20,213.32 1 2
github.com/aquasecurity/trivy-db/pkg/vulnsrc/vulnerability/vulnerability.go:214.20,215.28 1 0
github.com/aquasecurity/trivy-db/pkg/vulnsrc/vulnerability/vulnerability.go:216.20,217.30 1 4
github.com/aquasecurity/trivy-db/pkg/vulnsrc/vulnerability/vulnerability.go:218.19,219.27 1 0
github.com/aquasecurity/trivy-db/pkg/vulnsrc/vulnerability/vulnerability.go:220.10,221.31 1 0
github.com/aquasecurity/trivy-db/pkg/vulnsrc/ubuntu/ubuntu.go:51.27,55.2 1 0
github.com/aquasecurity/trivy-db/pkg/vulnsrc/ubuntu/ubuntu.go:57.44,60.70 3 0
github.com/aquasecurity/trivy-db/pkg/vulnsrc/ubuntu/ubuntu.go:68.2,68.16 1 0
github.com/aquasecurity/trivy-db/pkg/vulnsrc/ubuntu/ubuntu.go:72.2,72.37 1 0
github.com/aquasecurity/trivy-db/pkg/vulnsrc/ubuntu/ubuntu.go:76.2,76.12 1 0
github.com/aquasecurity/trivy-db/pkg/vulnsrc/ubuntu/ubuntu.go:60.70,62.57 2 0
github.com/aquasecurity/trivy-db/pkg/vulnsrc/ubuntu/ubuntu.go:65.3,66.13 2 0
github.com/aquasecurity/trivy-db/pkg/vulnsrc/ubuntu/ubuntu.go:62.57,64.4 1 0
github.com/aquasecurity/trivy-db/pkg/vulnsrc/ubuntu/ubuntu.go:68.16,70.3 1 0
github.com/aquasecurity/trivy-db/pkg/vulnsrc/ubuntu/ubuntu.go:72.37,74.3 1 0
github.com/aquasecurity/trivy-db/pkg/vulnsrc/ubuntu/ubuntu.go:79.48,81.52 2 0
github.com/aquasecurity/trivy-db/pkg/vulnsrc/ubuntu/ubuntu.go:88.2,88.16 1 0
github.com/aquasecurity/trivy-db/pkg/vulnsrc/ubuntu/ubuntu.go:91.2,91.12 1 0
github.com/aquasecurity/trivy-db/pkg/vulnsrc/ubuntu/ubuntu.go:81.52,83.17 2 0
github.com/aquasecurity/trivy-db/pkg/vulnsrc/ubuntu/ubuntu.go:86.3,86.13 1 0
github.com/aquasecurity/trivy-db/pkg/vulnsrc/ubuntu/ubuntu.go:83.17,85.4 1 0
github.com/aquasecurity/trivy-db/pkg/vulnsrc/ubuntu/ubuntu.go:88.16,90.3 1 0
github.com/aquasecurity/trivy-db/pkg/vulnsrc/ubuntu/ubuntu.go:94.63,95.27 1 1
github.com/aquasecurity/trivy-db/pkg/vulnsrc/ubuntu/ubuntu.go:133.2,133.12 1 1
github.com/aquasecurity/trivy-db/pkg/vulnsrc/ubuntu/ubuntu.go:95.27,96.47 1 1
github.com/aquasecurity/trivy-db/pkg/vulnsrc/ubuntu/ubuntu.go:96.47,98.39 2 2
github.com/aquasecurity/trivy-db/pkg/vulnsrc/ubuntu/ubuntu.go:98.39,99.58 1 2
github.com/aquasecurity/trivy-db/pkg/vulnsrc/ubuntu/ubuntu.go:102.5,103.12 2 2
github.com/aquasecurity/trivy-db/pkg/vulnsrc/ubuntu/ubuntu.go:106.5,108.36 3 2
github.com/aquasecurity/trivy-db/pkg/vulnsrc/ubuntu/ubuntu.go:111.5,111.104 1 2
github.com/aquasecurity/trivy-db/pkg/vulnsrc/ubuntu/ubuntu.go:115.5,122.104 2 2
github.com/aquasecurity/trivy-db/pkg/vulnsrc/ubuntu/ubuntu.go:127.5,127.88 1 2
github.com/aquasecurity/trivy-db/pkg/vulnsrc/ubuntu/ubuntu.go:99.58,100.14 1 0
github.com/aquasecurity/trivy-db/pkg/vulnsrc/ubuntu/ubuntu.go:103.12,104.14 1 0
github.com/aquasecurity/trivy-db/pkg/vulnsrc/ubuntu/ubuntu.go:108.36,110.6 1 2
github.com/aquasecurity/trivy-db/pkg/vulnsrc/ubuntu/ubuntu.go:111.104,113.6 1 0
github.com/aquasecurity/trivy-db/pkg/vulnsrc/ubuntu/ubuntu.go:122.104,124.6 1 0
github.com/aquasecurity/trivy-db/pkg/vulnsrc/ubuntu/ubuntu.go:127.88,129.6 1 0
github.com/aquasecurity/trivy-db/pkg/vulnsrc/ubuntu/ubuntu.go:136.81,139.16 3 0
github.com/aquasecurity/trivy-db/pkg/vulnsrc/ubuntu/ubuntu.go:142.2,142.24 1 0
github.com/aquasecurity/trivy-db/pkg/vulnsrc/ubuntu/ubuntu.go:139.16,141.3 1 0
github.com/aquasecurity/trivy-db/pkg/vulnsrc/ubuntu/ubuntu.go:145.59,146.18 1 2
github.com/aquasecurity/trivy-db/pkg/vulnsrc/ubuntu/ubuntu.go:147.19,148.31 1 0
github.com/aquasecurity/trivy-db/pkg/vulnsrc/ubuntu/ubuntu.go:149.27,150.27 1 0
github.com/aquasecurity/trivy-db/pkg/vulnsrc/ubuntu/ubuntu.go:151.16,152.30 1 0
github.com/aquasecurity/trivy-db/pkg/vulnsrc/ubuntu/ubuntu.go:153.14,154.28 1 0
github.com/aquasecurity/trivy-db/pkg/vulnsrc/ubuntu/ubuntu.go:155.18,156.32 1 2
github.com/aquasecurity/trivy-db/pkg/vulnsrc/ubuntu/ubuntu.go:157.10,158.31 1 0
